19:46:22 **** Incremental Build of configuration Debug for project helloWorldUIBuilder ****
ninja all 
[1/6] Building src/managed/src/uib_common.o
[2/6] Building src/managed/src/connection/uib_view1_connection.o
[3/6] Building src/app_main.o
[4/6] Building src/managed/src/uib_view1_view.o
[5/6] Building src/helloworlduibuilder.o
[6/6] Linking helloworlduibuilder
19:48:09 **** Incremental Build of configuration Debug for project HelloWorld ****
ninja all 
ninja: no work to do.
19:48:11 **** Incremental Build of configuration Debug for project helloWorldUIBuilder ****
ninja all 
[1/6] Building src/managed/src/uib_common.o
[2/6] Building src/managed/src/connection/uib_view1_connection.o
[3/6] Building src/app_main.o
[4/6] Building src/managed/src/uib_view1_view.o
[5/6] Building src/helloworlduibuilder.o
[6/6] Linking helloworlduibuilder
19:51:42 **** Incremental Build of configuration Debug for project helloWorldUIBuilder ****
ninja all 
[1/6] Building src/managed/src/uib_common.o
[2/6] Building src/managed/src/connection/uib_view1_connection.o
[3/6] Building src/app_main.o
[4/6] Building src/managed/src/uib_view1_view.o
[5/6] Building src/helloworlduibuilder.o
[6/6] Linking helloworlduibuilder
19:51:49 **** Incremental Build of configuration Debug for project helloWorldUIBuilder ****
ninja all 
[1/6] Building src/managed/src/uib_common.o
[2/6] Building src/managed/src/connection/uib_view1_connection.o
[3/6] Building src/app_main.o
[4/6] Building src/managed/src/uib_view1_view.o
[5/6] Building src/helloworlduibuilder.o
[6/6] Linking helloworlduibuilder
19:52:08 **** Incremental Build of configuration Debug for project helloWorldUIBuilder ****
ninja all 
[1/6] Building src/managed/src/uib_common.o
[2/6] Building src/managed/src/connection/uib_view1_connection.o
[3/6] Building src/app_main.o
[4/6] Building src/managed/src/uib_view1_view.o
[5/6] Building src/helloworlduibuilder.o
[6/6] Linking helloworlduibuilder
19:52:22 **** Incremental Build of configuration Debug for project helloWorldUIBuilder ****
ninja all 
[1/6] Building src/managed/src/uib_common.o
[2/6] Building src/managed/src/connection/uib_view1_connection.o
[3/6] Building src/app_main.o
[4/6] Building src/managed/src/uib_view1_view.o
[5/6] Building src/helloworlduibuilder.o
[6/6] Linking helloworlduibuilder
19:52:28 **** Incremental Build of configuration Debug for project helloWorldUIBuilder ****
ninja all 
[1/6] Building src/managed/src/uib_common.o
[2/6] Building src/managed/src/connection/uib_view1_connection.o
[3/6] Building src/app_main.o
[4/6] Building src/managed/src/uib_view1_view.o
[5/6] Building src/helloworlduibuilder.o
[6/6] Linking helloworlduibuilder
20:25:41 **** Build of configuration Debug for project RotaryInputExample ****
ninja all 
[1/2] Building src/rotaryinputexample.o
FAILED: clang -MMD -MT src/rotaryinputexample.o -MF src/rotaryinputexample.o.d  -I"/home/clm/Aran/tizen_ws/RotaryInputExample/inc" -O0 -g3 -Wall -c -fmessage-length=0 -target i386-tizen-linux-gnueabi -gcc-toolchain /home/clm/tizen-sdk/tools/smart-build-interface/../i386-linux-gnueabi-gcc-4.6/ -ccc-gcc-name i386-linux-gnueabi-g++ -march=i386 -Wno-gnu  -fPIE --sysroot="/home/clm/tizen-sdk/tools/smart-build-interface/../../platforms/tizen-2.3.1/wearable/rootstraps/wearable-2.3.1-emulator.core" -I"/home/clm/tizen-sdk/tools/smart-build-interface/../../platforms/tizen-2.3.1/wearable/rootstraps/wearable-2.3.1-emulator.core/usr/include/libxml2" -I"/home/clm/tizen-sdk/tools/smart-build-interface/../../platforms/tizen-2.3.1/wearable/rootstraps/wearable-2.3.1-emulator.core/usr/include" -I"/home/clm/tizen-sdk/tools/smart-build-interface/../../platforms/tizen-2.3.1/wearable/rootstraps/wearable-2.3.1-emulator.core/usr/include/appcore-agent" -I"/home/clm/tizen-sdk/tools/smart-build-interface/../../platforms/tizen-2.3.1/wearable/rootstraps/wearable-2.3.1-emulator.core/usr/include/appcore-watch" -I"/home/clm/tizen-sdk/tools/smart-build-interface/../../platforms/tizen-2.3.1/wearable/rootstraps/wearable-2.3.1-emulator.core/usr/include/appfw" -I"/home/clm/tizen-sdk/tools/smart-build-interface/../../platforms/tizen-2.3.1/wearable/rootstraps/wearable-2.3.1-emulator.core/usr/include/badge" -I"/home/clm/tizen-sdk/tools/smart-build-interface/../../platforms/tizen-2.3.1/wearable/rootstraps/wearable-2.3.1-emulator.core/usr/include/base" -I"/home/clm/tizen-sdk/tools/smart-build-interface/../../platforms/tizen-2.3.1/wearable/rootstraps/wearable-2.3.1-emulator.core/usr/include/cairo" -I"/home/clm/tizen-sdk/tools/smart-build-interface/../../platforms/tizen-2.3.1/wearable/rootstraps/wearable-2.3.1-emulator.core/usr/include/ckm" -I"/home/clm/tizen-sdk/tools/smart-build-interface/../../platforms/tizen-2.3.1/wearable/rootstraps/wearable-2.3.1-emulator.core/usr/include/content" -I"/home/clm/tizen-sdk/tools/smart-build-interface/../../platforms/tizen-2.3.1/wearable/rootstraps/wearable-2.3.1-emulator.core/usr/include/context-manager" -I"/home/clm/tizen-sdk/tools/smart-build-interface/../../platforms/tizen-2.3.1/wearable/rootstraps/wearable-2.3.1-emulator.core/usr/include/dbus-1.0" -I"/home/clm/tizen-sdk/tools/smart-build-interface/../../platforms/tizen-2.3.1/wearable/rootstraps/wearable-2.3.1-emulator.core/usr/include/device" -I"/home/clm/tizen-sdk/tools/smart-build-interface/../../platforms/tizen-2.3.1/wearable/rootstraps/wearable-2.3.1-emulator.core/usr/include/dlog" -I"/home/clm/tizen-sdk/tools/smart-build-interface/../../platforms/tizen-2.3.1/wearable/rootstraps/wearable-2.3.1-emulator.core/usr/include/ecore-1" -I"/home/clm/tizen-sdk/tools/smart-build-interface/../../platforms/tizen-2.3.1/wearable/rootstraps/wearable-2.3.1-emulator.core/usr/include/e_dbus-1" -I"/home/clm/tizen-sdk/tools/smart-build-interface/../../platforms/tizen-2.3.1/wearable/rootstraps/wearable-2.3.1-emulator.core/usr/include/edje-1" -I"/home/clm/tizen-sdk/tools/smart-build-interface/../../platforms/tizen-2.3.1/wearable/rootstraps/wearable-2.3.1-emulator.core/usr/include/eet-1" -I"/home/clm/tizen-sdk/tools/smart-build-interface/../../platforms/tizen-2.3.1/wearable/rootstraps/wearable-2.3.1-emulator.core/usr/include/efl-extension" -I"/home/clm/tizen-sdk/tools/smart-build-interface/../../platforms/tizen-2.3.1/wearable/rootstraps/wearable-2.3.1-emulator.core/usr/include/efreet-1" -I"/home/clm/tizen-sdk/tools/smart-build-interface/../../platforms/tizen-2.3.1/wearable/rootstraps/wearable-2.3.1-emulator.core/usr/include/eina-1" -I"/home/clm/tizen-sdk/tools/smart-build-interface/../../platforms/tizen-2.3.1/wearable/rootstraps/wearable-2.3.1-emulator.core/usr/include/eina-1/eina" -I"/home/clm/tizen-sdk/tools/smart-build-interface/../../platforms/tizen-2.3.1/wearable/rootstraps/wearable-2.3.1-emulator.core/usr/include/eio-1" -I"/home/clm/tizen-sdk/tools/smart-build-interface/../../platforms/tizen-2.3.1/wearable/rootstraps/wearable-2.3.1-emulator.core/usr/include/elementary-1" -I"/home/clm/tizen-sdk/tools/smart-build-interface/../../platforms/tizen-2.3.1/wearable/rootstraps/wearable-2.3.1-emulator.core/usr/include/embryo-1" -I"/home/clm/tizen-sdk/tools/smart-build-interface/../../platforms/tizen-2.3.1/wearable/rootstraps/wearable-2.3.1-emulator.core/usr/include/ethumb-1" -I"/home/clm/tizen-sdk/tools/smart-build-interface/../../platforms/tizen-2.3.1/wearable/rootstraps/wearable-2.3.1-emulator.core/usr/include/evas-1" -I"/home/clm/tizen-sdk/tools/smart-build-interface/../../platforms/tizen-2.3.1/wearable/rootstraps/wearable-2.3.1-emulator.core/usr/include/ewebkit2-0" -I"/home/clm/tizen-sdk/tools/smart-build-interface/../../platforms/tizen-2.3.1/wearable/rootstraps/wearable-2.3.1-emulator.core/usr/include/fontconfig" -I"/home/clm/tizen-sdk/tools/smart-build-interface/../../platforms/tizen-2.3.1/wearable/rootstraps/wearable-2.3.1-emulator.core/usr/include/freetype2" -I"/home/clm/tizen-sdk/tools/smart-build-interface/../../platforms/tizen-2.3.1/wearable/rootstraps/wearable-2.3.1-emulator.core/usr/include/gio-unix-2.0" -I"/home/clm/tizen-sdk/tools/smart-build-interface/../../platforms/tizen-2.3.1/wearable/rootstraps/wearable-2.3.1-emulator.core/usr/include/glib-2.0" -I"/home/clm/tizen-sdk/tools/smart-build-interface/../../platforms/tizen-2.3.1/wearable/rootstraps/wearable-2.3.1-emulator.core/usr/include/json-glib-1.0" -I"/home/clm/tizen-sdk/tools/smart-build-interface/../../platforms/tizen-2.3.1/wearable/rootstraps/wearable-2.3.1-emulator.core/usr/include/json-glib-1.0/json-glib" -I"/home/clm/tizen-sdk/tools/smart-build-interface/../../platforms/tizen-2.3.1/wearable/rootstraps/wearable-2.3.1-emulator.core/usr/include/location" -I"/home/clm/tizen-sdk/tools/smart-build-interface/../../platforms/tizen-2.3.1/wearable/rootstraps/wearable-2.3.1-emulator.core/usr/include/media" -I"/home/clm/tizen-sdk/tools/smart-build-interface/../../platforms/tizen-2.3.1/wearable/rootstraps/wearable-2.3.1-emulator.core/usr/include/media-content" -I"/home/clm/tizen-sdk/tools/smart-build-interface/../../platforms/tizen-2.3.1/wearable/rootstraps/wearable-2.3.1-emulator.core/usr/include/messaging" -I"/home/clm/tizen-sdk/tools/smart-build-interface/../../platforms/tizen-2.3.1/wearable/rootstraps/wearable-2.3.1-emulator.core/usr/include/minizip" -I"/home/clm/tizen-sdk/tools/smart-build-interface/../../platforms/tizen-2.3.1/wearable/rootstraps/wearable-2.3.1-emulator.core/usr/include/network" -I"/home/clm/tizen-sdk/tools/smart-build-interface/../../platforms/tizen-2.3.1/wearable/rootstraps/wearable-2.3.1-emulator.core/usr/include/notification" -I"/home/clm/tizen-sdk/tools/smart-build-interface/../../platforms/tizen-2.3.1/wearable/rootstraps/wearable-2.3.1-emulator.core/usr/include/sensor" -I"/home/clm/tizen-sdk/tools/smart-build-interface/../../platforms/tizen-2.3.1/wearable/rootstraps/wearable-2.3.1-emulator.core/usr/include/storage" -I"/home/clm/tizen-sdk/tools/smart-build-interface/../../platforms/tizen-2.3.1/wearable/rootstraps/wearable-2.3.1-emulator.core/usr/include/system" -I"/home/clm/tizen-sdk/tools/smart-build-interface/../../platforms/tizen-2.3.1/wearable/rootstraps/wearable-2.3.1-emulator.core/usr/include/telephony" -I"/home/clm/tizen-sdk/tools/smart-build-interface/../../platforms/tizen-2.3.1/wearable/rootstraps/wearable-2.3.1-emulator.core/usr/include/ui" -I"/home/clm/tizen-sdk/tools/smart-build-interface/../../platforms/tizen-2.3.1/wearable/rootstraps/wearable-2.3.1-emulator.core/usr/include/widget_service" -I"/home/clm/tizen-sdk/tools/smart-build-interface/../../platforms/tizen-2.3.1/wearable/rootstraps/wearable-2.3.1-emulator.core/usr/include/widget_viewer_evas" -I"/home/clm/tizen-sdk/tools/smart-build-interface/../../platforms/tizen-2.3.1/wearable/rootstraps/wearable-2.3.1-emulator.core/usr/lib/dbus-1.0/include" -I"/home/clm/tizen-sdk/tools/smart-build-interface/../../platforms/tizen-2.3.1/wearable/rootstraps/wearable-2.3.1-emulator.core/usr/lib/glib-2.0/include" -Werror-implicit-function-declaration -c ../src/rotaryinputexample.c -o src/rotaryinputexample.o
../src/rotaryinputexample.c:33:35: error: use of undeclared identifier '_rotary_handler_cb'
           eext_rotary_event_handler_add(_rotary_handler_cb, NULL);
                                         ^
1 error generated.
ninja: build stopped: subcommand failed.
20:26:04 **** Incremental Build of configuration Debug for project RotaryInputExample ****
ninja all 
[1/2] Building src/rotaryinputexample.o
../src/rotaryinputexample.c:16:1: warning: unused function 'win_back_cb' [-Wunused-function]
win_back_cb(void *data, Evas_Object *obj, void *event_info)
^
1 warning generated.
[2/2] Linking rotaryinputexample
20:26:08 **** Incremental Build of configuration Debug for project RotaryInputExample ****
ninja all 
ninja: no work to do.
20:30:29 **** Incremental Build of configuration Debug for project RotaryInputExample ****
ninja all 
[1/2] Building src/rotaryinputexample.o
../src/rotaryinputexample.c:16:1: warning: unused function 'win_back_cb' [-Wunused-function]
win_back_cb(void *data, Evas_Object *obj, void *event_info)
^
1 warning generated.
[2/2] Linking rotaryinputexample
20:43:30 **** Incremental Build of configuration Debug for project RotaryInputExample ****
ninja all 
[1/2] Building src/rotaryinputexample.o
FAILED: clang -MMD -MT src/rotaryinputexample.o -MF src/rotaryinputexample.o.d  -I"/home/clm/Aran/tizen_ws/RotaryInputExample/inc" -O0 -g3 -Wall -c -fmessage-length=0 -target i386-tizen-linux-gnueabi -gcc-toolchain /home/clm/tizen-sdk/tools/smart-build-interface/../i386-linux-gnueabi-gcc-4.6/ -ccc-gcc-name i386-linux-gnueabi-g++ -march=i386 -Wno-gnu  -fPIE --sysroot="/home/clm/tizen-sdk/tools/smart-build-interface/../../platforms/tizen-2.3.1/wearable/rootstraps/wearable-2.3.1-emulator.core" -I"/home/clm/tizen-sdk/tools/smart-build-interface/../../platforms/tizen-2.3.1/wearable/rootstraps/wearable-2.3.1-emulator.core/usr/include/libxml2" -I"/home/clm/tizen-sdk/tools/smart-build-interface/../../platforms/tizen-2.3.1/wearable/rootstraps/wearable-2.3.1-emulator.core/usr/include" -I"/home/clm/tizen-sdk/tools/smart-build-interface/../../platforms/tizen-2.3.1/wearable/rootstraps/wearable-2.3.1-emulator.core/usr/include/appcore-agent" -I"/home/clm/tizen-sdk/tools/smart-build-interface/../../platforms/tizen-2.3.1/wearable/rootstraps/wearable-2.3.1-emulator.core/usr/include/appcore-watch" -I"/home/clm/tizen-sdk/tools/smart-build-interface/../../platforms/tizen-2.3.1/wearable/rootstraps/wearable-2.3.1-emulator.core/usr/include/appfw" -I"/home/clm/tizen-sdk/tools/smart-build-interface/../../platforms/tizen-2.3.1/wearable/rootstraps/wearable-2.3.1-emulator.core/usr/include/badge" -I"/home/clm/tizen-sdk/tools/smart-build-interface/../../platforms/tizen-2.3.1/wearable/rootstraps/wearable-2.3.1-emulator.core/usr/include/base" -I"/home/clm/tizen-sdk/tools/smart-build-interface/../../platforms/tizen-2.3.1/wearable/rootstraps/wearable-2.3.1-emulator.core/usr/include/cairo" -I"/home/clm/tizen-sdk/tools/smart-build-interface/../../platforms/tizen-2.3.1/wearable/rootstraps/wearable-2.3.1-emulator.core/usr/include/ckm" -I"/home/clm/tizen-sdk/tools/smart-build-interface/../../platforms/tizen-2.3.1/wearable/rootstraps/wearable-2.3.1-emulator.core/usr/include/content" -I"/home/clm/tizen-sdk/tools/smart-build-interface/../../platforms/tizen-2.3.1/wearable/rootstraps/wearable-2.3.1-emulator.core/usr/include/context-manager" -I"/home/clm/tizen-sdk/tools/smart-build-interface/../../platforms/tizen-2.3.1/wearable/rootstraps/wearable-2.3.1-emulator.core/usr/include/dbus-1.0" -I"/home/clm/tizen-sdk/tools/smart-build-interface/../../platforms/tizen-2.3.1/wearable/rootstraps/wearable-2.3.1-emulator.core/usr/include/device" -I"/home/clm/tizen-sdk/tools/smart-build-interface/../../platforms/tizen-2.3.1/wearable/rootstraps/wearable-2.3.1-emulator.core/usr/include/dlog" -I"/home/clm/tizen-sdk/tools/smart-build-interface/../../platforms/tizen-2.3.1/wearable/rootstraps/wearable-2.3.1-emulator.core/usr/include/ecore-1" -I"/home/clm/tizen-sdk/tools/smart-build-interface/../../platforms/tizen-2.3.1/wearable/rootstraps/wearable-2.3.1-emulator.core/usr/include/e_dbus-1" -I"/home/clm/tizen-sdk/tools/smart-build-interface/../../platforms/tizen-2.3.1/wearable/rootstraps/wearable-2.3.1-emulator.core/usr/include/edje-1" -I"/home/clm/tizen-sdk/tools/smart-build-interface/../../platforms/tizen-2.3.1/wearable/rootstraps/wearable-2.3.1-emulator.core/usr/include/eet-1" -I"/home/clm/tizen-sdk/tools/smart-build-interface/../../platforms/tizen-2.3.1/wearable/rootstraps/wearable-2.3.1-emulator.core/usr/include/efl-extension" -I"/home/clm/tizen-sdk/tools/smart-build-interface/../../platforms/tizen-2.3.1/wearable/rootstraps/wearable-2.3.1-emulator.core/usr/include/efreet-1" -I"/home/clm/tizen-sdk/tools/smart-build-interface/../../platforms/tizen-2.3.1/wearable/rootstraps/wearable-2.3.1-emulator.core/usr/include/eina-1" -I"/home/clm/tizen-sdk/tools/smart-build-interface/../../platforms/tizen-2.3.1/wearable/rootstraps/wearable-2.3.1-emulator.core/usr/include/eina-1/eina" -I"/home/clm/tizen-sdk/tools/smart-build-interface/../../platforms/tizen-2.3.1/wearable/rootstraps/wearable-2.3.1-emulator.core/usr/include/eio-1" -I"/home/clm/tizen-sdk/tools/smart-build-interface/../../platforms/tizen-2.3.1/wearable/rootstraps/wearable-2.3.1-emulator.core/usr/include/elementary-1" -I"/home/clm/tizen-sdk/tools/smart-build-interface/../../platforms/tizen-2.3.1/wearable/rootstraps/wearable-2.3.1-emulator.core/usr/include/embryo-1" -I"/home/clm/tizen-sdk/tools/smart-build-interface/../../platforms/tizen-2.3.1/wearable/rootstraps/wearable-2.3.1-emulator.core/usr/include/ethumb-1" -I"/home/clm/tizen-sdk/tools/smart-build-interface/../../platforms/tizen-2.3.1/wearable/rootstraps/wearable-2.3.1-emulator.core/usr/include/evas-1" -I"/home/clm/tizen-sdk/tools/smart-build-interface/../../platforms/tizen-2.3.1/wearable/rootstraps/wearable-2.3.1-emulator.core/usr/include/ewebkit2-0" -I"/home/clm/tizen-sdk/tools/smart-build-interface/../../platforms/tizen-2.3.1/wearable/rootstraps/wearable-2.3.1-emulator.core/usr/include/fontconfig" -I"/home/clm/tizen-sdk/tools/smart-build-interface/../../platforms/tizen-2.3.1/wearable/rootstraps/wearable-2.3.1-emulator.core/usr/include/freetype2" -I"/home/clm/tizen-sdk/tools/smart-build-interface/../../platforms/tizen-2.3.1/wearable/rootstraps/wearable-2.3.1-emulator.core/usr/include/gio-unix-2.0" -I"/home/clm/tizen-sdk/tools/smart-build-interface/../../platforms/tizen-2.3.1/wearable/rootstraps/wearable-2.3.1-emulator.core/usr/include/glib-2.0" -I"/home/clm/tizen-sdk/tools/smart-build-interface/../../platforms/tizen-2.3.1/wearable/rootstraps/wearable-2.3.1-emulator.core/usr/include/json-glib-1.0" -I"/home/clm/tizen-sdk/tools/smart-build-interface/../../platforms/tizen-2.3.1/wearable/rootstraps/wearable-2.3.1-emulator.core/usr/include/json-glib-1.0/json-glib" -I"/home/clm/tizen-sdk/tools/smart-build-interface/../../platforms/tizen-2.3.1/wearable/rootstraps/wearable-2.3.1-emulator.core/usr/include/location" -I"/home/clm/tizen-sdk/tools/smart-build-interface/../../platforms/tizen-2.3.1/wearable/rootstraps/wearable-2.3.1-emulator.core/usr/include/media" -I"/home/clm/tizen-sdk/tools/smart-build-interface/../../platforms/tizen-2.3.1/wearable/rootstraps/wearable-2.3.1-emulator.core/usr/include/media-content" -I"/home/clm/tizen-sdk/tools/smart-build-interface/../../platforms/tizen-2.3.1/wearable/rootstraps/wearable-2.3.1-emulator.core/usr/include/messaging" -I"/home/clm/tizen-sdk/tools/smart-build-interface/../../platforms/tizen-2.3.1/wearable/rootstraps/wearable-2.3.1-emulator.core/usr/include/minizip" -I"/home/clm/tizen-sdk/tools/smart-build-interface/../../platforms/tizen-2.3.1/wearable/rootstraps/wearable-2.3.1-emulator.core/usr/include/network" -I"/home/clm/tizen-sdk/tools/smart-build-interface/../../platforms/tizen-2.3.1/wearable/rootstraps/wearable-2.3.1-emulator.core/usr/include/notification" -I"/home/clm/tizen-sdk/tools/smart-build-interface/../../platforms/tizen-2.3.1/wearable/rootstraps/wearable-2.3.1-emulator.core/usr/include/sensor" -I"/home/clm/tizen-sdk/tools/smart-build-interface/../../platforms/tizen-2.3.1/wearable/rootstraps/wearable-2.3.1-emulator.core/usr/include/storage" -I"/home/clm/tizen-sdk/tools/smart-build-interface/../../platforms/tizen-2.3.1/wearable/rootstraps/wearable-2.3.1-emulator.core/usr/include/system" -I"/home/clm/tizen-sdk/tools/smart-build-interface/../../platforms/tizen-2.3.1/wearable/rootstraps/wearable-2.3.1-emulator.core/usr/include/telephony" -I"/home/clm/tizen-sdk/tools/smart-build-interface/../../platforms/tizen-2.3.1/wearable/rootstraps/wearable-2.3.1-emulator.core/usr/include/ui" -I"/home/clm/tizen-sdk/tools/smart-build-interface/../../platforms/tizen-2.3.1/wearable/rootstraps/wearable-2.3.1-emulator.core/usr/include/widget_service" -I"/home/clm/tizen-sdk/tools/smart-build-interface/../../platforms/tizen-2.3.1/wearable/rootstraps/wearable-2.3.1-emulator.core/usr/include/widget_viewer_evas" -I"/home/clm/tizen-sdk/tools/smart-build-interface/../../platforms/tizen-2.3.1/wearable/rootstraps/wearable-2.3.1-emulator.core/usr/lib/dbus-1.0/include" -I"/home/clm/tizen-sdk/tools/smart-build-interface/../../platforms/tizen-2.3.1/wearable/rootstraps/wearable-2.3.1-emulator.core/usr/lib/glib-2.0/include" -Werror-implicit-function-declaration -c ../src/rotaryinputexample.c -o src/rotaryinputexample.o
../src/rotaryinputexample.c:41:26: error: expected expression
        Evas_Object *win = NULL-,*bg, *parent;
                                ^
1 error generated.
ninja: build stopped: subcommand failed.
20:43:41 **** Incremental Build of configuration Debug for project HelloWorld ****
ninja all 
[1/2] Building src/helloworld.o
FAILED: clang -MMD -MT src/helloworld.o -MF src/helloworld.o.d  -I"/home/clm/Aran/tizen_ws/HelloWorld/inc" -O0 -g3 -Wall -c -fmessage-length=0 -target i386-tizen-linux-gnueabi -gcc-toolchain /home/clm/tizen-sdk/tools/smart-build-interface/../i386-linux-gnueabi-gcc-4.6/ -ccc-gcc-name i386-linux-gnueabi-g++ -march=i386 -Wno-gnu  -fPIE --sysroot="/home/clm/tizen-sdk/tools/smart-build-interface/../../platforms/tizen-2.3.1/wearable/rootstraps/wearable-2.3.1-emulator.core" -I"/home/clm/tizen-sdk/tools/smart-build-interface/../../platforms/tizen-2.3.1/wearable/rootstraps/wearable-2.3.1-emulator.core/usr/include/libxml2" -I"/home/clm/tizen-sdk/tools/smart-build-interface/../../platforms/tizen-2.3.1/wearable/rootstraps/wearable-2.3.1-emulator.core/usr/include" -I"/home/clm/tizen-sdk/tools/smart-build-interface/../../platforms/tizen-2.3.1/wearable/rootstraps/wearable-2.3.1-emulator.core/usr/include/appcore-agent" -I"/home/clm/tizen-sdk/tools/smart-build-interface/../../platforms/tizen-2.3.1/wearable/rootstraps/wearable-2.3.1-emulator.core/usr/include/appcore-watch" -I"/home/clm/tizen-sdk/tools/smart-build-interface/../../platforms/tizen-2.3.1/wearable/rootstraps/wearable-2.3.1-emulator.core/usr/include/appfw" -I"/home/clm/tizen-sdk/tools/smart-build-interface/../../platforms/tizen-2.3.1/wearable/rootstraps/wearable-2.3.1-emulator.core/usr/include/badge" -I"/home/clm/tizen-sdk/tools/smart-build-interface/../../platforms/tizen-2.3.1/wearable/rootstraps/wearable-2.3.1-emulator.core/usr/include/base" -I"/home/clm/tizen-sdk/tools/smart-build-interface/../../platforms/tizen-2.3.1/wearable/rootstraps/wearable-2.3.1-emulator.core/usr/include/cairo" -I"/home/clm/tizen-sdk/tools/smart-build-interface/../../platforms/tizen-2.3.1/wearable/rootstraps/wearable-2.3.1-emulator.core/usr/include/ckm" -I"/home/clm/tizen-sdk/tools/smart-build-interface/../../platforms/tizen-2.3.1/wearable/rootstraps/wearable-2.3.1-emulator.core/usr/include/content" -I"/home/clm/tizen-sdk/tools/smart-build-interface/../../platforms/tizen-2.3.1/wearable/rootstraps/wearable-2.3.1-emulator.core/usr/include/context-manager" -I"/home/clm/tizen-sdk/tools/smart-build-interface/../../platforms/tizen-2.3.1/wearable/rootstraps/wearable-2.3.1-emulator.core/usr/include/dbus-1.0" -I"/home/clm/tizen-sdk/tools/smart-build-interface/../../platforms/tizen-2.3.1/wearable/rootstraps/wearable-2.3.1-emulator.core/usr/include/device" -I"/home/clm/tizen-sdk/tools/smart-build-interface/../../platforms/tizen-2.3.1/wearable/rootstraps/wearable-2.3.1-emulator.core/usr/include/dlog" -I"/home/clm/tizen-sdk/tools/smart-build-interface/../../platforms/tizen-2.3.1/wearable/rootstraps/wearable-2.3.1-emulator.core/usr/include/ecore-1" -I"/home/clm/tizen-sdk/tools/smart-build-interface/../../platforms/tizen-2.3.1/wearable/rootstraps/wearable-2.3.1-emulator.core/usr/include/e_dbus-1" -I"/home/clm/tizen-sdk/tools/smart-build-interface/../../platforms/tizen-2.3.1/wearable/rootstraps/wearable-2.3.1-emulator.core/usr/include/edje-1" -I"/home/clm/tizen-sdk/tools/smart-build-interface/../../platforms/tizen-2.3.1/wearable/rootstraps/wearable-2.3.1-emulator.core/usr/include/eet-1" -I"/home/clm/tizen-sdk/tools/smart-build-interface/../../platforms/tizen-2.3.1/wearable/rootstraps/wearable-2.3.1-emulator.core/usr/include/efl-extension" -I"/home/clm/tizen-sdk/tools/smart-build-interface/../../platforms/tizen-2.3.1/wearable/rootstraps/wearable-2.3.1-emulator.core/usr/include/efreet-1" -I"/home/clm/tizen-sdk/tools/smart-build-interface/../../platforms/tizen-2.3.1/wearable/rootstraps/wearable-2.3.1-emulator.core/usr/include/eina-1" -I"/home/clm/tizen-sdk/tools/smart-build-interface/../../platforms/tizen-2.3.1/wearable/rootstraps/wearable-2.3.1-emulator.core/usr/include/eina-1/eina" -I"/home/clm/tizen-sdk/tools/smart-build-interface/../../platforms/tizen-2.3.1/wearable/rootstraps/wearable-2.3.1-emulator.core/usr/include/eio-1" -I"/home/clm/tizen-sdk/tools/smart-build-interface/../../platforms/tizen-2.3.1/wearable/rootstraps/wearable-2.3.1-emulator.core/usr/include/elementary-1" -I"/home/clm/tizen-sdk/tools/smart-build-interface/../../platforms/tizen-2.3.1/wearable/rootstraps/wearable-2.3.1-emulator.core/usr/include/embryo-1" -I"/home/clm/tizen-sdk/tools/smart-build-interface/../../platforms/tizen-2.3.1/wearable/rootstraps/wearable-2.3.1-emulator.core/usr/include/ethumb-1" -I"/home/clm/tizen-sdk/tools/smart-build-interface/../../platforms/tizen-2.3.1/wearable/rootstraps/wearable-2.3.1-emulator.core/usr/include/evas-1" -I"/home/clm/tizen-sdk/tools/smart-build-interface/../../platforms/tizen-2.3.1/wearable/rootstraps/wearable-2.3.1-emulator.core/usr/include/ewebkit2-0" -I"/home/clm/tizen-sdk/tools/smart-build-interface/../../platforms/tizen-2.3.1/wearable/rootstraps/wearable-2.3.1-emulator.core/usr/include/fontconfig" -I"/home/clm/tizen-sdk/tools/smart-build-interface/../../platforms/tizen-2.3.1/wearable/rootstraps/wearable-2.3.1-emulator.core/usr/include/freetype2" -I"/home/clm/tizen-sdk/tools/smart-build-interface/../../platforms/tizen-2.3.1/wearable/rootstraps/wearable-2.3.1-emulator.core/usr/include/gio-unix-2.0" -I"/home/clm/tizen-sdk/tools/smart-build-interface/../../platforms/tizen-2.3.1/wearable/rootstraps/wearable-2.3.1-emulator.core/usr/include/glib-2.0" -I"/home/clm/tizen-sdk/tools/smart-build-interface/../../platforms/tizen-2.3.1/wearable/rootstraps/wearable-2.3.1-emulator.core/usr/include/json-glib-1.0" -I"/home/clm/tizen-sdk/tools/smart-build-interface/../../platforms/tizen-2.3.1/wearable/rootstraps/wearable-2.3.1-emulator.core/usr/include/json-glib-1.0/json-glib" -I"/home/clm/tizen-sdk/tools/smart-build-interface/../../platforms/tizen-2.3.1/wearable/rootstraps/wearable-2.3.1-emulator.core/usr/include/location" -I"/home/clm/tizen-sdk/tools/smart-build-interface/../../platforms/tizen-2.3.1/wearable/rootstraps/wearable-2.3.1-emulator.core/usr/include/media" -I"/home/clm/tizen-sdk/tools/smart-build-interface/../../platforms/tizen-2.3.1/wearable/rootstraps/wearable-2.3.1-emulator.core/usr/include/media-content" -I"/home/clm/tizen-sdk/tools/smart-build-interface/../../platforms/tizen-2.3.1/wearable/rootstraps/wearable-2.3.1-emulator.core/usr/include/messaging" -I"/home/clm/tizen-sdk/tools/smart-build-interface/../../platforms/tizen-2.3.1/wearable/rootstraps/wearable-2.3.1-emulator.core/usr/include/minizip" -I"/home/clm/tizen-sdk/tools/smart-build-interface/../../platforms/tizen-2.3.1/wearable/rootstraps/wearable-2.3.1-emulator.core/usr/include/network" -I"/home/clm/tizen-sdk/tools/smart-build-interface/../../platforms/tizen-2.3.1/wearable/rootstraps/wearable-2.3.1-emulator.core/usr/include/notification" -I"/home/clm/tizen-sdk/tools/smart-build-interface/../../platforms/tizen-2.3.1/wearable/rootstraps/wearable-2.3.1-emulator.core/usr/include/sensor" -I"/home/clm/tizen-sdk/tools/smart-build-interface/../../platforms/tizen-2.3.1/wearable/rootstraps/wearable-2.3.1-emulator.core/usr/include/storage" -I"/home/clm/tizen-sdk/tools/smart-build-interface/../../platforms/tizen-2.3.1/wearable/rootstraps/wearable-2.3.1-emulator.core/usr/include/system" -I"/home/clm/tizen-sdk/tools/smart-build-interface/../../platforms/tizen-2.3.1/wearable/rootstraps/wearable-2.3.1-emulator.core/usr/include/telephony" -I"/home/clm/tizen-sdk/tools/smart-build-interface/../../platforms/tizen-2.3.1/wearable/rootstraps/wearable-2.3.1-emulator.core/usr/include/ui" -I"/home/clm/tizen-sdk/tools/smart-build-interface/../../platforms/tizen-2.3.1/wearable/rootstraps/wearable-2.3.1-emulator.core/usr/include/widget_service" -I"/home/clm/tizen-sdk/tools/smart-build-interface/../../platforms/tizen-2.3.1/wearable/rootstraps/wearable-2.3.1-emulator.core/usr/include/widget_viewer_evas" -I"/home/clm/tizen-sdk/tools/smart-build-interface/../../platforms/tizen-2.3.1/wearable/rootstraps/wearable-2.3.1-emulator.core/usr/lib/dbus-1.0/include" -I"/home/clm/tizen-sdk/tools/smart-build-interface/../../platforms/tizen-2.3.1/wearable/rootstraps/wearable-2.3.1-emulator.core/usr/lib/glib-2.0/include" -Werror-implicit-function-declaration -c ../src/helloworld.c -o src/helloworld.o
../src/helloworld.c:96:32: error: use of undeclared identifier '_rotary_handler_cb'
        eext_rotary_event_handler_del(_rotary_handler_cb);
                                      ^
1 error generated.
ninja: build stopped: subcommand failed.
20:43:42 **** Incremental Build of configuration Debug for project RotaryInputExample ****
ninja all 
[1/2] Building src/rotaryinputexample.o
../src/rotaryinputexample.c:42:18: warning: variable 'parent' is uninitialized when used here [-Wuninitialized]
        bg = elm_bg_add(parent);
                        ^~~~~~
../src/rotaryinputexample.c:41:38: note: initialize the variable 'parent' to silence this warning
        Evas_Object *win = NULL,*bg, *parent;
                                            ^
                                             = NULL
../src/rotaryinputexample.c:16:1: warning: unused function 'win_back_cb' [-Wunused-function]
win_back_cb(void *data, Evas_Object *obj, void *event_info)
^
2 warnings generated.
[2/2] Linking rotaryinputexample
20:43:44 **** Incremental Build of configuration Debug for project helloWorldUIBuilder ****
ninja all 
[1/10] Building src/managed/src/uib_common.o
[2/10] Building src/managed/src/connection/uib_view1_connection.o
[3/10] Building src/managed/src/connection/uib_view2_connection.o
[4/10] Building src/managed/src/uib_view1_view.o
[5/10] Building src/managed/src/uib_view2_view.o
[6/10] Building src/app_main.o
[7/10] Building src/helloworlduibuilder.o
[8/10] Building src/event_handler/uib_view1_event_handler.o
[9/10] Building src/event_handler/uib_view2_event_handler.o
[10/10] Linking helloworlduibuilder
FAILED: clang++ -o helloworlduibuilder src/managed/src/uib_common.o src/managed/src/uib_view1_view.o src/managed/src/uib_view2_view.o src/managed/src/connection/uib_view1_connection.o src/managed/src/connection/uib_view2_connection.o src/app_main.o src/helloworlduibuilder.o src/event_handler/uib_view1_event_handler.o src/event_handler/uib_view2_event_handler.o   -L"/home/clm/Aran/tizen_ws/helloWorldUIBuilder/lib" -target i386-tizen-linux-gnueabi -gcc-toolchain /home/clm/tizen-sdk/tools/smart-build-interface/../i386-linux-gnueabi-gcc-4.6/ -ccc-gcc-name i386-linux-gnueabi-g++ -march=i386 -Xlinker --as-needed  -pie -lpthread -Xlinker -rpath="/home/developer/sdk_tools/lib" --sysroot="/home/clm/tizen-sdk/tools/smart-build-interface/../../platforms/tizen-2.3.1/wearable/rootstraps/wearable-2.3.1-emulator.core" -Xlinker --version-script="/home/clm/Aran/tizen_ws/helloWorldUIBuilder/.exportMap" -L"/home/clm/tizen-sdk/tools/smart-build-interface/../../platforms/tizen-2.3.1/wearable/rootstraps/wearable-2.3.1-emulator.core/usr/lib" -lBrokenLocale -lanl -lappcore-agent -lappcore-watch -lbadge -lbase-utils-i18n -lbundle -lcairo -lcapi-appfw-alarm -lcapi-appfw-app-common -lcapi-appfw-app-control -lcapi-appfw-application -lcapi-appfw-app-manager -lcapi-appfw-package-manager -lcapi-appfw-preference -lcapi-appfw-widget-application -lcapi-base-common -lcapi-content-media-content -lcapi-content-mime-type -lcapi-data-control -lcapi-location-manager -lcapi-media-audio-io -lcapi-media-camera -lcapi-media-codec -lcapi-media-image-util -lcapi-media-metadata-extractor -lcapi-media-player -lcapi-media-radio -lcapi-media-recorder -lcapi-media-sound-manager -lcapi-media-tone-player -lcapi-media-tool -lcapi-media-wav-player -lcapi-message-port -lcapi-messaging-messages -lcapi-network-bluetooth -lcapi-network-connection -lcapi-network-nfc -lcapi-network-smartcard -lcapi-network-wifi -lcapi-system-device -lcapi-system-info -lcapi-system-media-key -lcapi-system-runtime-info -lcapi-system-sensor -lcapi-system-system-settings -lcapi-telephony -lcapi-ui-efl-util -lcidn -lcore-context-manager -lcrypto -lcrypt -lc -lcurl -ldlog -ldl -lecore_con -lecore_evas -lecore_fb -lecore_file -lecore_imf_evas -lecore_imf -lecore_input_evas -lecore_input -lecore_ipc -lecore -lecore_x -ledbus -ledje -leet -lefl-extension -lefreet_mime -lefreet -lefreet_trash -leina -leio -lelementary -lembryo -lethumb_client -lethumb -levas -lewebkit2 -lexif -lfontconfig -lfreetype -lgio-2.0 -lglib-2.0 -lgmodule-2.0 -lgobject-2.0 -lgthread-2.0 -ljson-glib-1.0 -lkey-manager-client -lminizip -lm -lnotification -lnsl -lnss_compat -lnss_dns -lnss_files -lnss_hesiod -lnss_nisplus -lnss_nis -loauth -lopenal -lprivilege-info -lpthread -lpush -lresolv -lrt -lsqlite3 -lssl -lstorage -lstt -ltbm -lthread_db -ltts -lutil -lwidget_service -lwidget_viewer_evas -lxml2 -lz -Xlinker -rpath="/opt/usr/apps/org.example.helloworlduibuilder/lib" -Werror-implicit-function-declaration
src/managed/src/uib_view2_view.o: In function `uib_view2_view_create':
/home/clm/Aran/tizen_ws/helloWorldUIBuilder/Debug/../src/managed/src/uib_view2_view.c:37: undefined reference to `view2_listitem1_onitemselected'
collect2: ld returned 1 exit status
clang-3.4: error: linker (via gcc) command failed with exit code 1 (use -v to see invocation)
ninja: build stopped: subcommand failed.
20:45:10 **** Incremental Build of configuration Debug for project RotaryInputExample ****
ninja all 
[1/2] Building src/rotaryinputexample.o
../src/rotaryinputexample.c:16:1: warning: unused function 'win_back_cb' [-Wunused-function]
win_back_cb(void *data, Evas_Object *obj, void *event_info)
^
1 warning generated.
[2/2] Linking rotaryinputexample
20:50:10 **** Incremental Build of configuration Debug for project RotaryInputExample ****
ninja all 
[1/2] Building src/rotaryinputexample.o
../src/rotaryinputexample.c:42:22: warning: incompatible pointer types passing 'Evas_Object *' (aka 'struct _Evas_Object *') to parameter of type 'Evas *' (aka 'struct _Evas *') [-Wincompatible-pointer-types]
        evas_object_box_add(bx);
                            ^~
/home/clm/tizen-sdk/tools/smart-build-interface/../../platforms/tizen-2.3.1/wearable/rootstraps/wearable-2.3.1-emulator.core/usr/include/evas-1/Evas.h:13289:59: note: passing argument to parameter 'evas' here
EAPI Evas_Object               *evas_object_box_add(Evas *evas) EINA_WARN_UNUSED_RESULT EINA_ARG_NONNULL(1) EINA_MALLOC;
                                                          ^
../src/rotaryinputexample.c:42:2: warning: ignoring return value of function declared with warn_unused_result attribute [-Wunused-result]
        evas_object_box_add(bx);
        ^~~~~~~~~~~~~~~~~~~ ~~
../src/rotaryinputexample.c:42:22: warning: variable 'bx' is uninitialized when used here [-Wuninitialized]
        evas_object_box_add(bx);
                            ^~
../src/rotaryinputexample.c:41:29: note: initialize the variable 'bx' to silence this warning
        Evas_Object *win = NULL,*bx, *bg;
                                   ^
                                    = NULL
../src/rotaryinputexample.c:51:20: warning: variable 'bg' is uninitialized when used here [-Wuninitialized]
   bg = elm_bg_add(bg);
                   ^~
../src/rotaryinputexample.c:41:34: note: initialize the variable 'bg' to silence this warning
        Evas_Object *win = NULL,*bx, *bg;
                                        ^
                                         = NULL
../src/rotaryinputexample.c:16:1: warning: unused function 'win_back_cb' [-Wunused-function]
win_back_cb(void *data, Evas_Object *obj, void *event_info)
^
5 warnings generated.
[2/2] Linking rotaryinputexample
20:50:38 **** Incremental Build of configuration Debug for project HelloWorld ****
ninja all 
[1/2] Building src/helloworld.o
FAILED: clang -MMD -MT src/helloworld.o -MF src/helloworld.o.d  -I"/home/clm/Aran/tizen_ws/HelloWorld/inc" -O0 -g3 -Wall -c -fmessage-length=0 -target i386-tizen-linux-gnueabi -gcc-toolchain /home/clm/tizen-sdk/tools/smart-build-interface/../i386-linux-gnueabi-gcc-4.6/ -ccc-gcc-name i386-linux-gnueabi-g++ -march=i386 -Wno-gnu  -fPIE --sysroot="/home/clm/tizen-sdk/tools/smart-build-interface/../../platforms/tizen-2.3.1/wearable/rootstraps/wearable-2.3.1-emulator.core" -I"/home/clm/tizen-sdk/tools/smart-build-interface/../../platforms/tizen-2.3.1/wearable/rootstraps/wearable-2.3.1-emulator.core/usr/include/libxml2" -I"/home/clm/tizen-sdk/tools/smart-build-interface/../../platforms/tizen-2.3.1/wearable/rootstraps/wearable-2.3.1-emulator.core/usr/include" -I"/home/clm/tizen-sdk/tools/smart-build-interface/../../platforms/tizen-2.3.1/wearable/rootstraps/wearable-2.3.1-emulator.core/usr/include/appcore-agent" -I"/home/clm/tizen-sdk/tools/smart-build-interface/../../platforms/tizen-2.3.1/wearable/rootstraps/wearable-2.3.1-emulator.core/usr/include/appcore-watch" -I"/home/clm/tizen-sdk/tools/smart-build-interface/../../platforms/tizen-2.3.1/wearable/rootstraps/wearable-2.3.1-emulator.core/usr/include/appfw" -I"/home/clm/tizen-sdk/tools/smart-build-interface/../../platforms/tizen-2.3.1/wearable/rootstraps/wearable-2.3.1-emulator.core/usr/include/badge" -I"/home/clm/tizen-sdk/tools/smart-build-interface/../../platforms/tizen-2.3.1/wearable/rootstraps/wearable-2.3.1-emulator.core/usr/include/base" -I"/home/clm/tizen-sdk/tools/smart-build-interface/../../platforms/tizen-2.3.1/wearable/rootstraps/wearable-2.3.1-emulator.core/usr/include/cairo" -I"/home/clm/tizen-sdk/tools/smart-build-interface/../../platforms/tizen-2.3.1/wearable/rootstraps/wearable-2.3.1-emulator.core/usr/include/ckm" -I"/home/clm/tizen-sdk/tools/smart-build-interface/../../platforms/tizen-2.3.1/wearable/rootstraps/wearable-2.3.1-emulator.core/usr/include/content" -I"/home/clm/tizen-sdk/tools/smart-build-interface/../../platforms/tizen-2.3.1/wearable/rootstraps/wearable-2.3.1-emulator.core/usr/include/context-manager" -I"/home/clm/tizen-sdk/tools/smart-build-interface/../../platforms/tizen-2.3.1/wearable/rootstraps/wearable-2.3.1-emulator.core/usr/include/dbus-1.0" -I"/home/clm/tizen-sdk/tools/smart-build-interface/../../platforms/tizen-2.3.1/wearable/rootstraps/wearable-2.3.1-emulator.core/usr/include/device" -I"/home/clm/tizen-sdk/tools/smart-build-interface/../../platforms/tizen-2.3.1/wearable/rootstraps/wearable-2.3.1-emulator.core/usr/include/dlog" -I"/home/clm/tizen-sdk/tools/smart-build-interface/../../platforms/tizen-2.3.1/wearable/rootstraps/wearable-2.3.1-emulator.core/usr/include/ecore-1" -I"/home/clm/tizen-sdk/tools/smart-build-interface/../../platforms/tizen-2.3.1/wearable/rootstraps/wearable-2.3.1-emulator.core/usr/include/e_dbus-1" -I"/home/clm/tizen-sdk/tools/smart-build-interface/../../platforms/tizen-2.3.1/wearable/rootstraps/wearable-2.3.1-emulator.core/usr/include/edje-1" -I"/home/clm/tizen-sdk/tools/smart-build-interface/../../platforms/tizen-2.3.1/wearable/rootstraps/wearable-2.3.1-emulator.core/usr/include/eet-1" -I"/home/clm/tizen-sdk/tools/smart-build-interface/../../platforms/tizen-2.3.1/wearable/rootstraps/wearable-2.3.1-emulator.core/usr/include/efl-extension" -I"/home/clm/tizen-sdk/tools/smart-build-interface/../../platforms/tizen-2.3.1/wearable/rootstraps/wearable-2.3.1-emulator.core/usr/include/efreet-1" -I"/home/clm/tizen-sdk/tools/smart-build-interface/../../platforms/tizen-2.3.1/wearable/rootstraps/wearable-2.3.1-emulator.core/usr/include/eina-1" -I"/home/clm/tizen-sdk/tools/smart-build-interface/../../platforms/tizen-2.3.1/wearable/rootstraps/wearable-2.3.1-emulator.core/usr/include/eina-1/eina" -I"/home/clm/tizen-sdk/tools/smart-build-interface/../../platforms/tizen-2.3.1/wearable/rootstraps/wearable-2.3.1-emulator.core/usr/include/eio-1" -I"/home/clm/tizen-sdk/tools/smart-build-interface/../../platforms/tizen-2.3.1/wearable/rootstraps/wearable-2.3.1-emulator.core/usr/include/elementary-1" -I"/home/clm/tizen-sdk/tools/smart-build-interface/../../platforms/tizen-2.3.1/wearable/rootstraps/wearable-2.3.1-emulator.core/usr/include/embryo-1" -I"/home/clm/tizen-sdk/tools/smart-build-interface/../../platforms/tizen-2.3.1/wearable/rootstraps/wearable-2.3.1-emulator.core/usr/include/ethumb-1" -I"/home/clm/tizen-sdk/tools/smart-build-interface/../../platforms/tizen-2.3.1/wearable/rootstraps/wearable-2.3.1-emulator.core/usr/include/evas-1" -I"/home/clm/tizen-sdk/tools/smart-build-interface/../../platforms/tizen-2.3.1/wearable/rootstraps/wearable-2.3.1-emulator.core/usr/include/ewebkit2-0" -I"/home/clm/tizen-sdk/tools/smart-build-interface/../../platforms/tizen-2.3.1/wearable/rootstraps/wearable-2.3.1-emulator.core/usr/include/fontconfig" -I"/home/clm/tizen-sdk/tools/smart-build-interface/../../platforms/tizen-2.3.1/wearable/rootstraps/wearable-2.3.1-emulator.core/usr/include/freetype2" -I"/home/clm/tizen-sdk/tools/smart-build-interface/../../platforms/tizen-2.3.1/wearable/rootstraps/wearable-2.3.1-emulator.core/usr/include/gio-unix-2.0" -I"/home/clm/tizen-sdk/tools/smart-build-interface/../../platforms/tizen-2.3.1/wearable/rootstraps/wearable-2.3.1-emulator.core/usr/include/glib-2.0" -I"/home/clm/tizen-sdk/tools/smart-build-interface/../../platforms/tizen-2.3.1/wearable/rootstraps/wearable-2.3.1-emulator.core/usr/include/json-glib-1.0" -I"/home/clm/tizen-sdk/tools/smart-build-interface/../../platforms/tizen-2.3.1/wearable/rootstraps/wearable-2.3.1-emulator.core/usr/include/json-glib-1.0/json-glib" -I"/home/clm/tizen-sdk/tools/smart-build-interface/../../platforms/tizen-2.3.1/wearable/rootstraps/wearable-2.3.1-emulator.core/usr/include/location" -I"/home/clm/tizen-sdk/tools/smart-build-interface/../../platforms/tizen-2.3.1/wearable/rootstraps/wearable-2.3.1-emulator.core/usr/include/media" -I"/home/clm/tizen-sdk/tools/smart-build-interface/../../platforms/tizen-2.3.1/wearable/rootstraps/wearable-2.3.1-emulator.core/usr/include/media-content" -I"/home/clm/tizen-sdk/tools/smart-build-interface/../../platforms/tizen-2.3.1/wearable/rootstraps/wearable-2.3.1-emulator.core/usr/include/messaging" -I"/home/clm/tizen-sdk/tools/smart-build-interface/../../platforms/tizen-2.3.1/wearable/rootstraps/wearable-2.3.1-emulator.core/usr/include/minizip" -I"/home/clm/tizen-sdk/tools/smart-build-interface/../../platforms/tizen-2.3.1/wearable/rootstraps/wearable-2.3.1-emulator.core/usr/include/network" -I"/home/clm/tizen-sdk/tools/smart-build-interface/../../platforms/tizen-2.3.1/wearable/rootstraps/wearable-2.3.1-emulator.core/usr/include/notification" -I"/home/clm/tizen-sdk/tools/smart-build-interface/../../platforms/tizen-2.3.1/wearable/rootstraps/wearable-2.3.1-emulator.core/usr/include/sensor" -I"/home/clm/tizen-sdk/tools/smart-build-interface/../../platforms/tizen-2.3.1/wearable/rootstraps/wearable-2.3.1-emulator.core/usr/include/storage" -I"/home/clm/tizen-sdk/tools/smart-build-interface/../../platforms/tizen-2.3.1/wearable/rootstraps/wearable-2.3.1-emulator.core/usr/include/system" -I"/home/clm/tizen-sdk/tools/smart-build-interface/../../platforms/tizen-2.3.1/wearable/rootstraps/wearable-2.3.1-emulator.core/usr/include/telephony" -I"/home/clm/tizen-sdk/tools/smart-build-interface/../../platforms/tizen-2.3.1/wearable/rootstraps/wearable-2.3.1-emulator.core/usr/include/ui" -I"/home/clm/tizen-sdk/tools/smart-build-interface/../../platforms/tizen-2.3.1/wearable/rootstraps/wearable-2.3.1-emulator.core/usr/include/widget_service" -I"/home/clm/tizen-sdk/tools/smart-build-interface/../../platforms/tizen-2.3.1/wearable/rootstraps/wearable-2.3.1-emulator.core/usr/include/widget_viewer_evas" -I"/home/clm/tizen-sdk/tools/smart-build-interface/../../platforms/tizen-2.3.1/wearable/rootstraps/wearable-2.3.1-emulator.core/usr/lib/dbus-1.0/include" -I"/home/clm/tizen-sdk/tools/smart-build-interface/../../platforms/tizen-2.3.1/wearable/rootstraps/wearable-2.3.1-emulator.core/usr/lib/glib-2.0/include" -Werror-implicit-function-declaration -c ../src/helloworld.c -o src/helloworld.o
../src/helloworld.c:96:32: error: use of undeclared identifier '_rotary_handler_cb'
        eext_rotary_event_handler_del(_rotary_handler_cb);
                                      ^
1 error generated.
ninja: build stopped: subcommand failed.
20:50:39 **** Incremental Build of configuration Debug for project RotaryInputExample ****
ninja all 
[1/2] Building src/rotaryinputexample.o
../src/rotaryinputexample.c:42:22: warning: incompatible pointer types passing 'Evas_Object *' (aka 'struct _Evas_Object *') to parameter of type 'Evas *' (aka 'struct _Evas *') [-Wincompatible-pointer-types]
        evas_object_box_add(bx);
                            ^~
/home/clm/tizen-sdk/tools/smart-build-interface/../../platforms/tizen-2.3.1/wearable/rootstraps/wearable-2.3.1-emulator.core/usr/include/evas-1/Evas.h:13289:59: note: passing argument to parameter 'evas' here
EAPI Evas_Object               *evas_object_box_add(Evas *evas) EINA_WARN_UNUSED_RESULT EINA_ARG_NONNULL(1) EINA_MALLOC;
                                                          ^
../src/rotaryinputexample.c:42:2: warning: ignoring return value of function declared with warn_unused_result attribute [-Wunused-result]
        evas_object_box_add(bx);
        ^~~~~~~~~~~~~~~~~~~ ~~
../src/rotaryinputexample.c:16:1: warning: unused function 'win_back_cb' [-Wunused-function]
win_back_cb(void *data, Evas_Object *obj, void *event_info)
^
3 warnings generated.
[2/2] Linking rotaryinputexample
20:50:42 **** Incremental Build of configuration Debug for project helloWorldUIBuilder ****
ninja all 
[1/10] Building src/managed/src/uib_common.o
[2/10] Building src/managed/src/connection/uib_view1_connection.o
[3/10] Building src/managed/src/connection/uib_view2_connection.o
[4/10] Building src/managed/src/uib_view1_view.o
[5/10] Building src/managed/src/uib_view2_view.o
[6/10] Building src/app_main.o
[7/10] Building src/helloworlduibuilder.o
[8/10] Building src/event_handler/uib_view1_event_handler.o
[9/10] Building src/event_handler/uib_view2_event_handler.o
[10/10] Linking helloworlduibuilder
FAILED: clang++ -o helloworlduibuilder src/managed/src/uib_common.o src/managed/src/uib_view1_view.o src/managed/src/uib_view2_view.o src/managed/src/connection/uib_view1_connection.o src/managed/src/connection/uib_view2_connection.o src/app_main.o src/helloworlduibuilder.o src/event_handler/uib_view1_event_handler.o src/event_handler/uib_view2_event_handler.o   -L"/home/clm/Aran/tizen_ws/helloWorldUIBuilder/lib" -target i386-tizen-linux-gnueabi -gcc-toolchain /home/clm/tizen-sdk/tools/smart-build-interface/../i386-linux-gnueabi-gcc-4.6/ -ccc-gcc-name i386-linux-gnueabi-g++ -march=i386 -Xlinker --as-needed  -pie -lpthread -Xlinker -rpath="/home/developer/sdk_tools/lib" --sysroot="/home/clm/tizen-sdk/tools/smart-build-interface/../../platforms/tizen-2.3.1/wearable/rootstraps/wearable-2.3.1-emulator.core" -Xlinker --version-script="/home/clm/Aran/tizen_ws/helloWorldUIBuilder/.exportMap" -L"/home/clm/tizen-sdk/tools/smart-build-interface/../../platforms/tizen-2.3.1/wearable/rootstraps/wearable-2.3.1-emulator.core/usr/lib" -lBrokenLocale -lanl -lappcore-agent -lappcore-watch -lbadge -lbase-utils-i18n -lbundle -lcairo -lcapi-appfw-alarm -lcapi-appfw-app-common -lcapi-appfw-app-control -lcapi-appfw-application -lcapi-appfw-app-manager -lcapi-appfw-package-manager -lcapi-appfw-preference -lcapi-appfw-widget-application -lcapi-base-common -lcapi-content-media-content -lcapi-content-mime-type -lcapi-data-control -lcapi-location-manager -lcapi-media-audio-io -lcapi-media-camera -lcapi-media-codec -lcapi-media-image-util -lcapi-media-metadata-extractor -lcapi-media-player -lcapi-media-radio -lcapi-media-recorder -lcapi-media-sound-manager -lcapi-media-tone-player -lcapi-media-tool -lcapi-media-wav-player -lcapi-message-port -lcapi-messaging-messages -lcapi-network-bluetooth -lcapi-network-connection -lcapi-network-nfc -lcapi-network-smartcard -lcapi-network-wifi -lcapi-system-device -lcapi-system-info -lcapi-system-media-key -lcapi-system-runtime-info -lcapi-system-sensor -lcapi-system-system-settings -lcapi-telephony -lcapi-ui-efl-util -lcidn -lcore-context-manager -lcrypto -lcrypt -lc -lcurl -ldlog -ldl -lecore_con -lecore_evas -lecore_fb -lecore_file -lecore_imf_evas -lecore_imf -lecore_input_evas -lecore_input -lecore_ipc -lecore -lecore_x -ledbus -ledje -leet -lefl-extension -lefreet_mime -lefreet -lefreet_trash -leina -leio -lelementary -lembryo -lethumb_client -lethumb -levas -lewebkit2 -lexif -lfontconfig -lfreetype -lgio-2.0 -lglib-2.0 -lgmodule-2.0 -lgobject-2.0 -lgthread-2.0 -ljson-glib-1.0 -lkey-manager-client -lminizip -lm -lnotification -lnsl -lnss_compat -lnss_dns -lnss_files -lnss_hesiod -lnss_nisplus -lnss_nis -loauth -lopenal -lprivilege-info -lpthread -lpush -lresolv -lrt -lsqlite3 -lssl -lstorage -lstt -ltbm -lthread_db -ltts -lutil -lwidget_service -lwidget_viewer_evas -lxml2 -lz -Xlinker -rpath="/opt/usr/apps/org.example.helloworlduibuilder/lib" -Werror-implicit-function-declaration
src/managed/src/uib_view2_view.o: In function `uib_view2_view_create':
/home/clm/Aran/tizen_ws/helloWorldUIBuilder/Debug/../src/managed/src/uib_view2_view.c:37: undefined reference to `view2_listitem1_onitemselected'
collect2: ld returned 1 exit status
clang-3.4: error: linker (via gcc) command failed with exit code 1 (use -v to see invocation)
ninja: build stopped: subcommand failed.
20:51:12 **** Incremental Build of configuration Debug for project RotaryInputExample ****
ninja all 
[1/2] Building src/rotaryinputexample.o
../src/rotaryinputexample.c:16:1: warning: unused function 'win_back_cb' [-Wunused-function]
win_back_cb(void *data, Evas_Object *obj, void *event_info)
^
1 warning generated.
[2/2] Linking rotaryinputexample
20:55:38 **** Incremental Build of configuration Debug for project RotaryInputExample ****
ninja all 
[1/2] Building src/rotaryinputexample.o
../src/rotaryinputexample.c:16:1: warning: unused function 'win_back_cb' [-Wunused-function]
win_back_cb(void *data, Evas_Object *obj, void *event_info)
^
1 warning generated.
[2/2] Linking rotaryinputexample
20:55:41 **** Incremental Build of configuration Debug for project RotaryInputExample ****
ninja all 
ninja: no work to do.
20:57:34 **** Incremental Build of configuration Debug for project RotaryInputExample ****
ninja all 
[1/2] Building src/rotaryinputexample.o
../src/rotaryinputexample.c:16:1: warning: unused function 'win_back_cb' [-Wunused-function]
win_back_cb(void *data, Evas_Object *obj, void *event_info)
^
1 warning generated.
[2/2] Linking rotaryinputexample
20:57:42 **** Incremental Build of configuration Debug for project RotaryInputExample ****
ninja all 
ninja: no work to do.
21:03:33 **** Incremental Build of configuration Debug for project RotaryInputExample ****
ninja all 
[1/2] Building src/rotaryinputexample.o
FAILED: clang -MMD -MT src/rotaryinputexample.o -MF src/rotaryinputexample.o.d  -I"/home/clm/Aran/tizen_ws/RotaryInputExample/inc" -O0 -g3 -Wall -c -fmessage-length=0 -target i386-tizen-linux-gnueabi -gcc-toolchain /home/clm/tizen-sdk/tools/smart-build-interface/../i386-linux-gnueabi-gcc-4.6/ -ccc-gcc-name i386-linux-gnueabi-g++ -march=i386 -Wno-gnu  -fPIE --sysroot="/home/clm/tizen-sdk/tools/smart-build-interface/../../platforms/tizen-2.3.1/wearable/rootstraps/wearable-2.3.1-emulator.core" -I"/home/clm/tizen-sdk/tools/smart-build-interface/../../platforms/tizen-2.3.1/wearable/rootstraps/wearable-2.3.1-emulator.core/usr/include/libxml2" -I"/home/clm/tizen-sdk/tools/smart-build-interface/../../platforms/tizen-2.3.1/wearable/rootstraps/wearable-2.3.1-emulator.core/usr/include" -I"/home/clm/tizen-sdk/tools/smart-build-interface/../../platforms/tizen-2.3.1/wearable/rootstraps/wearable-2.3.1-emulator.core/usr/include/appcore-agent" -I"/home/clm/tizen-sdk/tools/smart-build-interface/../../platforms/tizen-2.3.1/wearable/rootstraps/wearable-2.3.1-emulator.core/usr/include/appcore-watch" -I"/home/clm/tizen-sdk/tools/smart-build-interface/../../platforms/tizen-2.3.1/wearable/rootstraps/wearable-2.3.1-emulator.core/usr/include/appfw" -I"/home/clm/tizen-sdk/tools/smart-build-interface/../../platforms/tizen-2.3.1/wearable/rootstraps/wearable-2.3.1-emulator.core/usr/include/badge" -I"/home/clm/tizen-sdk/tools/smart-build-interface/../../platforms/tizen-2.3.1/wearable/rootstraps/wearable-2.3.1-emulator.core/usr/include/base" -I"/home/clm/tizen-sdk/tools/smart-build-interface/../../platforms/tizen-2.3.1/wearable/rootstraps/wearable-2.3.1-emulator.core/usr/include/cairo" -I"/home/clm/tizen-sdk/tools/smart-build-interface/../../platforms/tizen-2.3.1/wearable/rootstraps/wearable-2.3.1-emulator.core/usr/include/ckm" -I"/home/clm/tizen-sdk/tools/smart-build-interface/../../platforms/tizen-2.3.1/wearable/rootstraps/wearable-2.3.1-emulator.core/usr/include/content" -I"/home/clm/tizen-sdk/tools/smart-build-interface/../../platforms/tizen-2.3.1/wearable/rootstraps/wearable-2.3.1-emulator.core/usr/include/context-manager" -I"/home/clm/tizen-sdk/tools/smart-build-interface/../../platforms/tizen-2.3.1/wearable/rootstraps/wearable-2.3.1-emulator.core/usr/include/dbus-1.0" -I"/home/clm/tizen-sdk/tools/smart-build-interface/../../platforms/tizen-2.3.1/wearable/rootstraps/wearable-2.3.1-emulator.core/usr/include/device" -I"/home/clm/tizen-sdk/tools/smart-build-interface/../../platforms/tizen-2.3.1/wearable/rootstraps/wearable-2.3.1-emulator.core/usr/include/dlog" -I"/home/clm/tizen-sdk/tools/smart-build-interface/../../platforms/tizen-2.3.1/wearable/rootstraps/wearable-2.3.1-emulator.core/usr/include/ecore-1" -I"/home/clm/tizen-sdk/tools/smart-build-interface/../../platforms/tizen-2.3.1/wearable/rootstraps/wearable-2.3.1-emulator.core/usr/include/e_dbus-1" -I"/home/clm/tizen-sdk/tools/smart-build-interface/../../platforms/tizen-2.3.1/wearable/rootstraps/wearable-2.3.1-emulator.core/usr/include/edje-1" -I"/home/clm/tizen-sdk/tools/smart-build-interface/../../platforms/tizen-2.3.1/wearable/rootstraps/wearable-2.3.1-emulator.core/usr/include/eet-1" -I"/home/clm/tizen-sdk/tools/smart-build-interface/../../platforms/tizen-2.3.1/wearable/rootstraps/wearable-2.3.1-emulator.core/usr/include/efl-extension" -I"/home/clm/tizen-sdk/tools/smart-build-interface/../../platforms/tizen-2.3.1/wearable/rootstraps/wearable-2.3.1-emulator.core/usr/include/efreet-1" -I"/home/clm/tizen-sdk/tools/smart-build-interface/../../platforms/tizen-2.3.1/wearable/rootstraps/wearable-2.3.1-emulator.core/usr/include/eina-1" -I"/home/clm/tizen-sdk/tools/smart-build-interface/../../platforms/tizen-2.3.1/wearable/rootstraps/wearable-2.3.1-emulator.core/usr/include/eina-1/eina" -I"/home/clm/tizen-sdk/tools/smart-build-interface/../../platforms/tizen-2.3.1/wearable/rootstraps/wearable-2.3.1-emulator.core/usr/include/eio-1" -I"/home/clm/tizen-sdk/tools/smart-build-interface/../../platforms/tizen-2.3.1/wearable/rootstraps/wearable-2.3.1-emulator.core/usr/include/elementary-1" -I"/home/clm/tizen-sdk/tools/smart-build-interface/../../platforms/tizen-2.3.1/wearable/rootstraps/wearable-2.3.1-emulator.core/usr/include/embryo-1" -I"/home/clm/tizen-sdk/tools/smart-build-interface/../../platforms/tizen-2.3.1/wearable/rootstraps/wearable-2.3.1-emulator.core/usr/include/ethumb-1" -I"/home/clm/tizen-sdk/tools/smart-build-interface/../../platforms/tizen-2.3.1/wearable/rootstraps/wearable-2.3.1-emulator.core/usr/include/evas-1" -I"/home/clm/tizen-sdk/tools/smart-build-interface/../../platforms/tizen-2.3.1/wearable/rootstraps/wearable-2.3.1-emulator.core/usr/include/ewebkit2-0" -I"/home/clm/tizen-sdk/tools/smart-build-interface/../../platforms/tizen-2.3.1/wearable/rootstraps/wearable-2.3.1-emulator.core/usr/include/fontconfig" -I"/home/clm/tizen-sdk/tools/smart-build-interface/../../platforms/tizen-2.3.1/wearable/rootstraps/wearable-2.3.1-emulator.core/usr/include/freetype2" -I"/home/clm/tizen-sdk/tools/smart-build-interface/../../platforms/tizen-2.3.1/wearable/rootstraps/wearable-2.3.1-emulator.core/usr/include/gio-unix-2.0" -I"/home/clm/tizen-sdk/tools/smart-build-interface/../../platforms/tizen-2.3.1/wearable/rootstraps/wearable-2.3.1-emulator.core/usr/include/glib-2.0" -I"/home/clm/tizen-sdk/tools/smart-build-interface/../../platforms/tizen-2.3.1/wearable/rootstraps/wearable-2.3.1-emulator.core/usr/include/json-glib-1.0" -I"/home/clm/tizen-sdk/tools/smart-build-interface/../../platforms/tizen-2.3.1/wearable/rootstraps/wearable-2.3.1-emulator.core/usr/include/json-glib-1.0/json-glib" -I"/home/clm/tizen-sdk/tools/smart-build-interface/../../platforms/tizen-2.3.1/wearable/rootstraps/wearable-2.3.1-emulator.core/usr/include/location" -I"/home/clm/tizen-sdk/tools/smart-build-interface/../../platforms/tizen-2.3.1/wearable/rootstraps/wearable-2.3.1-emulator.core/usr/include/media" -I"/home/clm/tizen-sdk/tools/smart-build-interface/../../platforms/tizen-2.3.1/wearable/rootstraps/wearable-2.3.1-emulator.core/usr/include/media-content" -I"/home/clm/tizen-sdk/tools/smart-build-interface/../../platforms/tizen-2.3.1/wearable/rootstraps/wearable-2.3.1-emulator.core/usr/include/messaging" -I"/home/clm/tizen-sdk/tools/smart-build-interface/../../platforms/tizen-2.3.1/wearable/rootstraps/wearable-2.3.1-emulator.core/usr/include/minizip" -I"/home/clm/tizen-sdk/tools/smart-build-interface/../../platforms/tizen-2.3.1/wearable/rootstraps/wearable-2.3.1-emulator.core/usr/include/network" -I"/home/clm/tizen-sdk/tools/smart-build-interface/../../platforms/tizen-2.3.1/wearable/rootstraps/wearable-2.3.1-emulator.core/usr/include/notification" -I"/home/clm/tizen-sdk/tools/smart-build-interface/../../platforms/tizen-2.3.1/wearable/rootstraps/wearable-2.3.1-emulator.core/usr/include/sensor" -I"/home/clm/tizen-sdk/tools/smart-build-interface/../../platforms/tizen-2.3.1/wearable/rootstraps/wearable-2.3.1-emulator.core/usr/include/storage" -I"/home/clm/tizen-sdk/tools/smart-build-interface/../../platforms/tizen-2.3.1/wearable/rootstraps/wearable-2.3.1-emulator.core/usr/include/system" -I"/home/clm/tizen-sdk/tools/smart-build-interface/../../platforms/tizen-2.3.1/wearable/rootstraps/wearable-2.3.1-emulator.core/usr/include/telephony" -I"/home/clm/tizen-sdk/tools/smart-build-interface/../../platforms/tizen-2.3.1/wearable/rootstraps/wearable-2.3.1-emulator.core/usr/include/ui" -I"/home/clm/tizen-sdk/tools/smart-build-interface/../../platforms/tizen-2.3.1/wearable/rootstraps/wearable-2.3.1-emulator.core/usr/include/widget_service" -I"/home/clm/tizen-sdk/tools/smart-build-interface/../../platforms/tizen-2.3.1/wearable/rootstraps/wearable-2.3.1-emulator.core/usr/include/widget_viewer_evas" -I"/home/clm/tizen-sdk/tools/smart-build-interface/../../platforms/tizen-2.3.1/wearable/rootstraps/wearable-2.3.1-emulator.core/usr/lib/dbus-1.0/include" -I"/home/clm/tizen-sdk/tools/smart-build-interface/../../platforms/tizen-2.3.1/wearable/rootstraps/wearable-2.3.1-emulator.core/usr/lib/glib-2.0/include" -Werror-implicit-function-declaration -c ../src/rotaryinputexample.c -o src/rotaryinputexample.o
../src/rotaryinputexample.c:30:24: error: use of undeclared identifier 'bg'
      elm_bg_color_set(bg, 0, 255, 0);
                       ^
../src/rotaryinputexample.c:35:24: error: use of undeclared identifier 'bg'
      elm_bg_color_set(bg, 0, 0, 255);
                       ^
2 errors generated.
ninja: build stopped: subcommand failed.
21:04:00 **** Incremental Build of configuration Debug for project RotaryInputExample ****
ninja all 
[1/2] Building src/rotaryinputexample.o
../src/rotaryinputexample.c:16:1: warning: unused function 'win_back_cb' [-Wunused-function]
win_back_cb(void *data, Evas_Object *obj, void *event_info)
^
1 warning generated.
[2/2] Linking rotaryinputexample
21:04:08 **** Incremental Build of configuration Debug for project RotaryInputExample ****
ninja all 
ninja: no work to do.
21:06:11 **** Incremental Build of configuration Debug for project RotaryInputExample ****
ninja all 
[1/2] Building src/rotaryinputexample.o
FAILED: clang -MMD -MT src/rotaryinputexample.o -MF src/rotaryinputexample.o.d  -I"/home/clm/Aran/tizen_ws/RotaryInputExample/inc" -O0 -g3 -Wall -c -fmessage-length=0 -target i386-tizen-linux-gnueabi -gcc-toolchain /home/clm/tizen-sdk/tools/smart-build-interface/../i386-linux-gnueabi-gcc-4.6/ -ccc-gcc-name i386-linux-gnueabi-g++ -march=i386 -Wno-gnu  -fPIE --sysroot="/home/clm/tizen-sdk/tools/smart-build-interface/../../platforms/tizen-2.3.1/wearable/rootstraps/wearable-2.3.1-emulator.core" -I"/home/clm/tizen-sdk/tools/smart-build-interface/../../platforms/tizen-2.3.1/wearable/rootstraps/wearable-2.3.1-emulator.core/usr/include/libxml2" -I"/home/clm/tizen-sdk/tools/smart-build-interface/../../platforms/tizen-2.3.1/wearable/rootstraps/wearable-2.3.1-emulator.core/usr/include" -I"/home/clm/tizen-sdk/tools/smart-build-interface/../../platforms/tizen-2.3.1/wearable/rootstraps/wearable-2.3.1-emulator.core/usr/include/appcore-agent" -I"/home/clm/tizen-sdk/tools/smart-build-interface/../../platforms/tizen-2.3.1/wearable/rootstraps/wearable-2.3.1-emulator.core/usr/include/appcore-watch" -I"/home/clm/tizen-sdk/tools/smart-build-interface/../../platforms/tizen-2.3.1/wearable/rootstraps/wearable-2.3.1-emulator.core/usr/include/appfw" -I"/home/clm/tizen-sdk/tools/smart-build-interface/../../platforms/tizen-2.3.1/wearable/rootstraps/wearable-2.3.1-emulator.core/usr/include/badge" -I"/home/clm/tizen-sdk/tools/smart-build-interface/../../platforms/tizen-2.3.1/wearable/rootstraps/wearable-2.3.1-emulator.core/usr/include/base" -I"/home/clm/tizen-sdk/tools/smart-build-interface/../../platforms/tizen-2.3.1/wearable/rootstraps/wearable-2.3.1-emulator.core/usr/include/cairo" -I"/home/clm/tizen-sdk/tools/smart-build-interface/../../platforms/tizen-2.3.1/wearable/rootstraps/wearable-2.3.1-emulator.core/usr/include/ckm" -I"/home/clm/tizen-sdk/tools/smart-build-interface/../../platforms/tizen-2.3.1/wearable/rootstraps/wearable-2.3.1-emulator.core/usr/include/content" -I"/home/clm/tizen-sdk/tools/smart-build-interface/../../platforms/tizen-2.3.1/wearable/rootstraps/wearable-2.3.1-emulator.core/usr/include/context-manager" -I"/home/clm/tizen-sdk/tools/smart-build-interface/../../platforms/tizen-2.3.1/wearable/rootstraps/wearable-2.3.1-emulator.core/usr/include/dbus-1.0" -I"/home/clm/tizen-sdk/tools/smart-build-interface/../../platforms/tizen-2.3.1/wearable/rootstraps/wearable-2.3.1-emulator.core/usr/include/device" -I"/home/clm/tizen-sdk/tools/smart-build-interface/../../platforms/tizen-2.3.1/wearable/rootstraps/wearable-2.3.1-emulator.core/usr/include/dlog" -I"/home/clm/tizen-sdk/tools/smart-build-interface/../../platforms/tizen-2.3.1/wearable/rootstraps/wearable-2.3.1-emulator.core/usr/include/ecore-1" -I"/home/clm/tizen-sdk/tools/smart-build-interface/../../platforms/tizen-2.3.1/wearable/rootstraps/wearable-2.3.1-emulator.core/usr/include/e_dbus-1" -I"/home/clm/tizen-sdk/tools/smart-build-interface/../../platforms/tizen-2.3.1/wearable/rootstraps/wearable-2.3.1-emulator.core/usr/include/edje-1" -I"/home/clm/tizen-sdk/tools/smart-build-interface/../../platforms/tizen-2.3.1/wearable/rootstraps/wearable-2.3.1-emulator.core/usr/include/eet-1" -I"/home/clm/tizen-sdk/tools/smart-build-interface/../../platforms/tizen-2.3.1/wearable/rootstraps/wearable-2.3.1-emulator.core/usr/include/efl-extension" -I"/home/clm/tizen-sdk/tools/smart-build-interface/../../platforms/tizen-2.3.1/wearable/rootstraps/wearable-2.3.1-emulator.core/usr/include/efreet-1" -I"/home/clm/tizen-sdk/tools/smart-build-interface/../../platforms/tizen-2.3.1/wearable/rootstraps/wearable-2.3.1-emulator.core/usr/include/eina-1" -I"/home/clm/tizen-sdk/tools/smart-build-interface/../../platforms/tizen-2.3.1/wearable/rootstraps/wearable-2.3.1-emulator.core/usr/include/eina-1/eina" -I"/home/clm/tizen-sdk/tools/smart-build-interface/../../platforms/tizen-2.3.1/wearable/rootstraps/wearable-2.3.1-emulator.core/usr/include/eio-1" -I"/home/clm/tizen-sdk/tools/smart-build-interface/../../platforms/tizen-2.3.1/wearable/rootstraps/wearable-2.3.1-emulator.core/usr/include/elementary-1" -I"/home/clm/tizen-sdk/tools/smart-build-interface/../../platforms/tizen-2.3.1/wearable/rootstraps/wearable-2.3.1-emulator.core/usr/include/embryo-1" -I"/home/clm/tizen-sdk/tools/smart-build-interface/../../platforms/tizen-2.3.1/wearable/rootstraps/wearable-2.3.1-emulator.core/usr/include/ethumb-1" -I"/home/clm/tizen-sdk/tools/smart-build-interface/../../platforms/tizen-2.3.1/wearable/rootstraps/wearable-2.3.1-emulator.core/usr/include/evas-1" -I"/home/clm/tizen-sdk/tools/smart-build-interface/../../platforms/tizen-2.3.1/wearable/rootstraps/wearable-2.3.1-emulator.core/usr/include/ewebkit2-0" -I"/home/clm/tizen-sdk/tools/smart-build-interface/../../platforms/tizen-2.3.1/wearable/rootstraps/wearable-2.3.1-emulator.core/usr/include/fontconfig" -I"/home/clm/tizen-sdk/tools/smart-build-interface/../../platforms/tizen-2.3.1/wearable/rootstraps/wearable-2.3.1-emulator.core/usr/include/freetype2" -I"/home/clm/tizen-sdk/tools/smart-build-interface/../../platforms/tizen-2.3.1/wearable/rootstraps/wearable-2.3.1-emulator.core/usr/include/gio-unix-2.0" -I"/home/clm/tizen-sdk/tools/smart-build-interface/../../platforms/tizen-2.3.1/wearable/rootstraps/wearable-2.3.1-emulator.core/usr/include/glib-2.0" -I"/home/clm/tizen-sdk/tools/smart-build-interface/../../platforms/tizen-2.3.1/wearable/rootstraps/wearable-2.3.1-emulator.core/usr/include/json-glib-1.0" -I"/home/clm/tizen-sdk/tools/smart-build-interface/../../platforms/tizen-2.3.1/wearable/rootstraps/wearable-2.3.1-emulator.core/usr/include/json-glib-1.0/json-glib" -I"/home/clm/tizen-sdk/tools/smart-build-interface/../../platforms/tizen-2.3.1/wearable/rootstraps/wearable-2.3.1-emulator.core/usr/include/location" -I"/home/clm/tizen-sdk/tools/smart-build-interface/../../platforms/tizen-2.3.1/wearable/rootstraps/wearable-2.3.1-emulator.core/usr/include/media" -I"/home/clm/tizen-sdk/tools/smart-build-interface/../../platforms/tizen-2.3.1/wearable/rootstraps/wearable-2.3.1-emulator.core/usr/include/media-content" -I"/home/clm/tizen-sdk/tools/smart-build-interface/../../platforms/tizen-2.3.1/wearable/rootstraps/wearable-2.3.1-emulator.core/usr/include/messaging" -I"/home/clm/tizen-sdk/tools/smart-build-interface/../../platforms/tizen-2.3.1/wearable/rootstraps/wearable-2.3.1-emulator.core/usr/include/minizip" -I"/home/clm/tizen-sdk/tools/smart-build-interface/../../platforms/tizen-2.3.1/wearable/rootstraps/wearable-2.3.1-emulator.core/usr/include/network" -I"/home/clm/tizen-sdk/tools/smart-build-interface/../../platforms/tizen-2.3.1/wearable/rootstraps/wearable-2.3.1-emulator.core/usr/include/notification" -I"/home/clm/tizen-sdk/tools/smart-build-interface/../../platforms/tizen-2.3.1/wearable/rootstraps/wearable-2.3.1-emulator.core/usr/include/sensor" -I"/home/clm/tizen-sdk/tools/smart-build-interface/../../platforms/tizen-2.3.1/wearable/rootstraps/wearable-2.3.1-emulator.core/usr/include/storage" -I"/home/clm/tizen-sdk/tools/smart-build-interface/../../platforms/tizen-2.3.1/wearable/rootstraps/wearable-2.3.1-emulator.core/usr/include/system" -I"/home/clm/tizen-sdk/tools/smart-build-interface/../../platforms/tizen-2.3.1/wearable/rootstraps/wearable-2.3.1-emulator.core/usr/include/telephony" -I"/home/clm/tizen-sdk/tools/smart-build-interface/../../platforms/tizen-2.3.1/wearable/rootstraps/wearable-2.3.1-emulator.core/usr/include/ui" -I"/home/clm/tizen-sdk/tools/smart-build-interface/../../platforms/tizen-2.3.1/wearable/rootstraps/wearable-2.3.1-emulator.core/usr/include/widget_service" -I"/home/clm/tizen-sdk/tools/smart-build-interface/../../platforms/tizen-2.3.1/wearable/rootstraps/wearable-2.3.1-emulator.core/usr/include/widget_viewer_evas" -I"/home/clm/tizen-sdk/tools/smart-build-interface/../../platforms/tizen-2.3.1/wearable/rootstraps/wearable-2.3.1-emulator.core/usr/lib/dbus-1.0/include" -I"/home/clm/tizen-sdk/tools/smart-build-interface/../../platforms/tizen-2.3.1/wearable/rootstraps/wearable-2.3.1-emulator.core/usr/lib/glib-2.0/include" -Werror-implicit-function-declaration -c ../src/rotaryinputexample.c -o src/rotaryinputexample.o
../src/rotaryinputexample.c:42:1: error: redefinition of 'win_back_cb'
win_back_cb(void *data, Evas_Object *obj, void *event_info)
^
../src/rotaryinputexample.c:16:1: note: previous definition is here
win_back_cb(void *data, Evas_Object *obj, void *event_info)
^
1 error generated.
ninja: build stopped: subcommand failed.
21:06:22 **** Incremental Build of configuration Debug for project RotaryInputExample ****
ninja all 
[1/2] Building src/rotaryinputexample.o
[2/2] Linking rotaryinputexample
21:06:26 **** Incremental Build of configuration Debug for project RotaryInputExample ****
ninja all 
ninja: no work to do.
21:07:30 **** Incremental Build of configuration Debug for project RotaryInputExample ****
ninja all 
[1/2] Building src/rotaryinputexample.o
[2/2] Linking rotaryinputexample
21:07:31 **** Incremental Build of configuration Debug for project RotaryInputExample ****
ninja all 
ninja: no work to do.
21:08:41 **** Incremental Build of configuration Debug for project RotaryInputExample ****
ninja all 
[1/2] Building src/rotaryinputexample.o
FAILED: clang -MMD -MT src/rotaryinputexample.o -MF src/rotaryinputexample.o.d  -I"/home/clm/Aran/tizen_ws/RotaryInputExample/inc" -O0 -g3 -Wall -c -fmessage-length=0 -target i386-tizen-linux-gnueabi -gcc-toolchain /home/clm/tizen-sdk/tools/smart-build-interface/../i386-linux-gnueabi-gcc-4.6/ -ccc-gcc-name i386-linux-gnueabi-g++ -march=i386 -Wno-gnu  -fPIE --sysroot="/home/clm/tizen-sdk/tools/smart-build-interface/../../platforms/tizen-2.3.1/wearable/rootstraps/wearable-2.3.1-emulator.core" -I"/home/clm/tizen-sdk/tools/smart-build-interface/../../platforms/tizen-2.3.1/wearable/rootstraps/wearable-2.3.1-emulator.core/usr/include/libxml2" -I"/home/clm/tizen-sdk/tools/smart-build-interface/../../platforms/tizen-2.3.1/wearable/rootstraps/wearable-2.3.1-emulator.core/usr/include" -I"/home/clm/tizen-sdk/tools/smart-build-interface/../../platforms/tizen-2.3.1/wearable/rootstraps/wearable-2.3.1-emulator.core/usr/include/appcore-agent" -I"/home/clm/tizen-sdk/tools/smart-build-interface/../../platforms/tizen-2.3.1/wearable/rootstraps/wearable-2.3.1-emulator.core/usr/include/appcore-watch" -I"/home/clm/tizen-sdk/tools/smart-build-interface/../../platforms/tizen-2.3.1/wearable/rootstraps/wearable-2.3.1-emulator.core/usr/include/appfw" -I"/home/clm/tizen-sdk/tools/smart-build-interface/../../platforms/tizen-2.3.1/wearable/rootstraps/wearable-2.3.1-emulator.core/usr/include/badge" -I"/home/clm/tizen-sdk/tools/smart-build-interface/../../platforms/tizen-2.3.1/wearable/rootstraps/wearable-2.3.1-emulator.core/usr/include/base" -I"/home/clm/tizen-sdk/tools/smart-build-interface/../../platforms/tizen-2.3.1/wearable/rootstraps/wearable-2.3.1-emulator.core/usr/include/cairo" -I"/home/clm/tizen-sdk/tools/smart-build-interface/../../platforms/tizen-2.3.1/wearable/rootstraps/wearable-2.3.1-emulator.core/usr/include/ckm" -I"/home/clm/tizen-sdk/tools/smart-build-interface/../../platforms/tizen-2.3.1/wearable/rootstraps/wearable-2.3.1-emulator.core/usr/include/content" -I"/home/clm/tizen-sdk/tools/smart-build-interface/../../platforms/tizen-2.3.1/wearable/rootstraps/wearable-2.3.1-emulator.core/usr/include/context-manager" -I"/home/clm/tizen-sdk/tools/smart-build-interface/../../platforms/tizen-2.3.1/wearable/rootstraps/wearable-2.3.1-emulator.core/usr/include/dbus-1.0" -I"/home/clm/tizen-sdk/tools/smart-build-interface/../../platforms/tizen-2.3.1/wearable/rootstraps/wearable-2.3.1-emulator.core/usr/include/device" -I"/home/clm/tizen-sdk/tools/smart-build-interface/../../platforms/tizen-2.3.1/wearable/rootstraps/wearable-2.3.1-emulator.core/usr/include/dlog" -I"/home/clm/tizen-sdk/tools/smart-build-interface/../../platforms/tizen-2.3.1/wearable/rootstraps/wearable-2.3.1-emulator.core/usr/include/ecore-1" -I"/home/clm/tizen-sdk/tools/smart-build-interface/../../platforms/tizen-2.3.1/wearable/rootstraps/wearable-2.3.1-emulator.core/usr/include/e_dbus-1" -I"/home/clm/tizen-sdk/tools/smart-build-interface/../../platforms/tizen-2.3.1/wearable/rootstraps/wearable-2.3.1-emulator.core/usr/include/edje-1" -I"/home/clm/tizen-sdk/tools/smart-build-interface/../../platforms/tizen-2.3.1/wearable/rootstraps/wearable-2.3.1-emulator.core/usr/include/eet-1" -I"/home/clm/tizen-sdk/tools/smart-build-interface/../../platforms/tizen-2.3.1/wearable/rootstraps/wearable-2.3.1-emulator.core/usr/include/efl-extension" -I"/home/clm/tizen-sdk/tools/smart-build-interface/../../platforms/tizen-2.3.1/wearable/rootstraps/wearable-2.3.1-emulator.core/usr/include/efreet-1" -I"/home/clm/tizen-sdk/tools/smart-build-interface/../../platforms/tizen-2.3.1/wearable/rootstraps/wearable-2.3.1-emulator.core/usr/include/eina-1" -I"/home/clm/tizen-sdk/tools/smart-build-interface/../../platforms/tizen-2.3.1/wearable/rootstraps/wearable-2.3.1-emulator.core/usr/include/eina-1/eina" -I"/home/clm/tizen-sdk/tools/smart-build-interface/../../platforms/tizen-2.3.1/wearable/rootstraps/wearable-2.3.1-emulator.core/usr/include/eio-1" -I"/home/clm/tizen-sdk/tools/smart-build-interface/../../platforms/tizen-2.3.1/wearable/rootstraps/wearable-2.3.1-emulator.core/usr/include/elementary-1" -I"/home/clm/tizen-sdk/tools/smart-build-interface/../../platforms/tizen-2.3.1/wearable/rootstraps/wearable-2.3.1-emulator.core/usr/include/embryo-1" -I"/home/clm/tizen-sdk/tools/smart-build-interface/../../platforms/tizen-2.3.1/wearable/rootstraps/wearable-2.3.1-emulator.core/usr/include/ethumb-1" -I"/home/clm/tizen-sdk/tools/smart-build-interface/../../platforms/tizen-2.3.1/wearable/rootstraps/wearable-2.3.1-emulator.core/usr/include/evas-1" -I"/home/clm/tizen-sdk/tools/smart-build-interface/../../platforms/tizen-2.3.1/wearable/rootstraps/wearable-2.3.1-emulator.core/usr/include/ewebkit2-0" -I"/home/clm/tizen-sdk/tools/smart-build-interface/../../platforms/tizen-2.3.1/wearable/rootstraps/wearable-2.3.1-emulator.core/usr/include/fontconfig" -I"/home/clm/tizen-sdk/tools/smart-build-interface/../../platforms/tizen-2.3.1/wearable/rootstraps/wearable-2.3.1-emulator.core/usr/include/freetype2" -I"/home/clm/tizen-sdk/tools/smart-build-interface/../../platforms/tizen-2.3.1/wearable/rootstraps/wearable-2.3.1-emulator.core/usr/include/gio-unix-2.0" -I"/home/clm/tizen-sdk/tools/smart-build-interface/../../platforms/tizen-2.3.1/wearable/rootstraps/wearable-2.3.1-emulator.core/usr/include/glib-2.0" -I"/home/clm/tizen-sdk/tools/smart-build-interface/../../platforms/tizen-2.3.1/wearable/rootstraps/wearable-2.3.1-emulator.core/usr/include/json-glib-1.0" -I"/home/clm/tizen-sdk/tools/smart-build-interface/../../platforms/tizen-2.3.1/wearable/rootstraps/wearable-2.3.1-emulator.core/usr/include/json-glib-1.0/json-glib" -I"/home/clm/tizen-sdk/tools/smart-build-interface/../../platforms/tizen-2.3.1/wearable/rootstraps/wearable-2.3.1-emulator.core/usr/include/location" -I"/home/clm/tizen-sdk/tools/smart-build-interface/../../platforms/tizen-2.3.1/wearable/rootstraps/wearable-2.3.1-emulator.core/usr/include/media" -I"/home/clm/tizen-sdk/tools/smart-build-interface/../../platforms/tizen-2.3.1/wearable/rootstraps/wearable-2.3.1-emulator.core/usr/include/media-content" -I"/home/clm/tizen-sdk/tools/smart-build-interface/../../platforms/tizen-2.3.1/wearable/rootstraps/wearable-2.3.1-emulator.core/usr/include/messaging" -I"/home/clm/tizen-sdk/tools/smart-build-interface/../../platforms/tizen-2.3.1/wearable/rootstraps/wearable-2.3.1-emulator.core/usr/include/minizip" -I"/home/clm/tizen-sdk/tools/smart-build-interface/../../platforms/tizen-2.3.1/wearable/rootstraps/wearable-2.3.1-emulator.core/usr/include/network" -I"/home/clm/tizen-sdk/tools/smart-build-interface/../../platforms/tizen-2.3.1/wearable/rootstraps/wearable-2.3.1-emulator.core/usr/include/notification" -I"/home/clm/tizen-sdk/tools/smart-build-interface/../../platforms/tizen-2.3.1/wearable/rootstraps/wearable-2.3.1-emulator.core/usr/include/sensor" -I"/home/clm/tizen-sdk/tools/smart-build-interface/../../platforms/tizen-2.3.1/wearable/rootstraps/wearable-2.3.1-emulator.core/usr/include/storage" -I"/home/clm/tizen-sdk/tools/smart-build-interface/../../platforms/tizen-2.3.1/wearable/rootstraps/wearable-2.3.1-emulator.core/usr/include/system" -I"/home/clm/tizen-sdk/tools/smart-build-interface/../../platforms/tizen-2.3.1/wearable/rootstraps/wearable-2.3.1-emulator.core/usr/include/telephony" -I"/home/clm/tizen-sdk/tools/smart-build-interface/../../platforms/tizen-2.3.1/wearable/rootstraps/wearable-2.3.1-emulator.core/usr/include/ui" -I"/home/clm/tizen-sdk/tools/smart-build-interface/../../platforms/tizen-2.3.1/wearable/rootstraps/wearable-2.3.1-emulator.core/usr/include/widget_service" -I"/home/clm/tizen-sdk/tools/smart-build-interface/../../platforms/tizen-2.3.1/wearable/rootstraps/wearable-2.3.1-emulator.core/usr/include/widget_viewer_evas" -I"/home/clm/tizen-sdk/tools/smart-build-interface/../../platforms/tizen-2.3.1/wearable/rootstraps/wearable-2.3.1-emulator.core/usr/lib/dbus-1.0/include" -I"/home/clm/tizen-sdk/tools/smart-build-interface/../../platforms/tizen-2.3.1/wearable/rootstraps/wearable-2.3.1-emulator.core/usr/lib/glib-2.0/include" -Werror-implicit-function-declaration -c ../src/rotaryinputexample.c -o src/rotaryinputexample.o
../src/rotaryinputexample.c:59:23: error: 'appdata_s *' (aka 'struct appdata *') and 'Evas_Object *' (aka 'struct _Evas_Object *') are not pointers to compatible types
   evas_object_show(ad-win);
                    ~~^~~~
1 error generated.
ninja: build stopped: subcommand failed.
21:08:43 **** Incremental Build of configuration Debug for project RotaryInputExample ****
ninja all 
[1/2] Building src/rotaryinputexample.o
FAILED: clang -MMD -MT src/rotaryinputexample.o -MF src/rotaryinputexample.o.d  -I"/home/clm/Aran/tizen_ws/RotaryInputExample/inc" -O0 -g3 -Wall -c -fmessage-length=0 -target i386-tizen-linux-gnueabi -gcc-toolchain /home/clm/tizen-sdk/tools/smart-build-interface/../i386-linux-gnueabi-gcc-4.6/ -ccc-gcc-name i386-linux-gnueabi-g++ -march=i386 -Wno-gnu  -fPIE --sysroot="/home/clm/tizen-sdk/tools/smart-build-interface/../../platforms/tizen-2.3.1/wearable/rootstraps/wearable-2.3.1-emulator.core" -I"/home/clm/tizen-sdk/tools/smart-build-interface/../../platforms/tizen-2.3.1/wearable/rootstraps/wearable-2.3.1-emulator.core/usr/include/libxml2" -I"/home/clm/tizen-sdk/tools/smart-build-interface/../../platforms/tizen-2.3.1/wearable/rootstraps/wearable-2.3.1-emulator.core/usr/include" -I"/home/clm/tizen-sdk/tools/smart-build-interface/../../platforms/tizen-2.3.1/wearable/rootstraps/wearable-2.3.1-emulator.core/usr/include/appcore-agent" -I"/home/clm/tizen-sdk/tools/smart-build-interface/../../platforms/tizen-2.3.1/wearable/rootstraps/wearable-2.3.1-emulator.core/usr/include/appcore-watch" -I"/home/clm/tizen-sdk/tools/smart-build-interface/../../platforms/tizen-2.3.1/wearable/rootstraps/wearable-2.3.1-emulator.core/usr/include/appfw" -I"/home/clm/tizen-sdk/tools/smart-build-interface/../../platforms/tizen-2.3.1/wearable/rootstraps/wearable-2.3.1-emulator.core/usr/include/badge" -I"/home/clm/tizen-sdk/tools/smart-build-interface/../../platforms/tizen-2.3.1/wearable/rootstraps/wearable-2.3.1-emulator.core/usr/include/base" -I"/home/clm/tizen-sdk/tools/smart-build-interface/../../platforms/tizen-2.3.1/wearable/rootstraps/wearable-2.3.1-emulator.core/usr/include/cairo" -I"/home/clm/tizen-sdk/tools/smart-build-interface/../../platforms/tizen-2.3.1/wearable/rootstraps/wearable-2.3.1-emulator.core/usr/include/ckm" -I"/home/clm/tizen-sdk/tools/smart-build-interface/../../platforms/tizen-2.3.1/wearable/rootstraps/wearable-2.3.1-emulator.core/usr/include/content" -I"/home/clm/tizen-sdk/tools/smart-build-interface/../../platforms/tizen-2.3.1/wearable/rootstraps/wearable-2.3.1-emulator.core/usr/include/context-manager" -I"/home/clm/tizen-sdk/tools/smart-build-interface/../../platforms/tizen-2.3.1/wearable/rootstraps/wearable-2.3.1-emulator.core/usr/include/dbus-1.0" -I"/home/clm/tizen-sdk/tools/smart-build-interface/../../platforms/tizen-2.3.1/wearable/rootstraps/wearable-2.3.1-emulator.core/usr/include/device" -I"/home/clm/tizen-sdk/tools/smart-build-interface/../../platforms/tizen-2.3.1/wearable/rootstraps/wearable-2.3.1-emulator.core/usr/include/dlog" -I"/home/clm/tizen-sdk/tools/smart-build-interface/../../platforms/tizen-2.3.1/wearable/rootstraps/wearable-2.3.1-emulator.core/usr/include/ecore-1" -I"/home/clm/tizen-sdk/tools/smart-build-interface/../../platforms/tizen-2.3.1/wearable/rootstraps/wearable-2.3.1-emulator.core/usr/include/e_dbus-1" -I"/home/clm/tizen-sdk/tools/smart-build-interface/../../platforms/tizen-2.3.1/wearable/rootstraps/wearable-2.3.1-emulator.core/usr/include/edje-1" -I"/home/clm/tizen-sdk/tools/smart-build-interface/../../platforms/tizen-2.3.1/wearable/rootstraps/wearable-2.3.1-emulator.core/usr/include/eet-1" -I"/home/clm/tizen-sdk/tools/smart-build-interface/../../platforms/tizen-2.3.1/wearable/rootstraps/wearable-2.3.1-emulator.core/usr/include/efl-extension" -I"/home/clm/tizen-sdk/tools/smart-build-interface/../../platforms/tizen-2.3.1/wearable/rootstraps/wearable-2.3.1-emulator.core/usr/include/efreet-1" -I"/home/clm/tizen-sdk/tools/smart-build-interface/../../platforms/tizen-2.3.1/wearable/rootstraps/wearable-2.3.1-emulator.core/usr/include/eina-1" -I"/home/clm/tizen-sdk/tools/smart-build-interface/../../platforms/tizen-2.3.1/wearable/rootstraps/wearable-2.3.1-emulator.core/usr/include/eina-1/eina" -I"/home/clm/tizen-sdk/tools/smart-build-interface/../../platforms/tizen-2.3.1/wearable/rootstraps/wearable-2.3.1-emulator.core/usr/include/eio-1" -I"/home/clm/tizen-sdk/tools/smart-build-interface/../../platforms/tizen-2.3.1/wearable/rootstraps/wearable-2.3.1-emulator.core/usr/include/elementary-1" -I"/home/clm/tizen-sdk/tools/smart-build-interface/../../platforms/tizen-2.3.1/wearable/rootstraps/wearable-2.3.1-emulator.core/usr/include/embryo-1" -I"/home/clm/tizen-sdk/tools/smart-build-interface/../../platforms/tizen-2.3.1/wearable/rootstraps/wearable-2.3.1-emulator.core/usr/include/ethumb-1" -I"/home/clm/tizen-sdk/tools/smart-build-interface/../../platforms/tizen-2.3.1/wearable/rootstraps/wearable-2.3.1-emulator.core/usr/include/evas-1" -I"/home/clm/tizen-sdk/tools/smart-build-interface/../../platforms/tizen-2.3.1/wearable/rootstraps/wearable-2.3.1-emulator.core/usr/include/ewebkit2-0" -I"/home/clm/tizen-sdk/tools/smart-build-interface/../../platforms/tizen-2.3.1/wearable/rootstraps/wearable-2.3.1-emulator.core/usr/include/fontconfig" -I"/home/clm/tizen-sdk/tools/smart-build-interface/../../platforms/tizen-2.3.1/wearable/rootstraps/wearable-2.3.1-emulator.core/usr/include/freetype2" -I"/home/clm/tizen-sdk/tools/smart-build-interface/../../platforms/tizen-2.3.1/wearable/rootstraps/wearable-2.3.1-emulator.core/usr/include/gio-unix-2.0" -I"/home/clm/tizen-sdk/tools/smart-build-interface/../../platforms/tizen-2.3.1/wearable/rootstraps/wearable-2.3.1-emulator.core/usr/include/glib-2.0" -I"/home/clm/tizen-sdk/tools/smart-build-interface/../../platforms/tizen-2.3.1/wearable/rootstraps/wearable-2.3.1-emulator.core/usr/include/json-glib-1.0" -I"/home/clm/tizen-sdk/tools/smart-build-interface/../../platforms/tizen-2.3.1/wearable/rootstraps/wearable-2.3.1-emulator.core/usr/include/json-glib-1.0/json-glib" -I"/home/clm/tizen-sdk/tools/smart-build-interface/../../platforms/tizen-2.3.1/wearable/rootstraps/wearable-2.3.1-emulator.core/usr/include/location" -I"/home/clm/tizen-sdk/tools/smart-build-interface/../../platforms/tizen-2.3.1/wearable/rootstraps/wearable-2.3.1-emulator.core/usr/include/media" -I"/home/clm/tizen-sdk/tools/smart-build-interface/../../platforms/tizen-2.3.1/wearable/rootstraps/wearable-2.3.1-emulator.core/usr/include/media-content" -I"/home/clm/tizen-sdk/tools/smart-build-interface/../../platforms/tizen-2.3.1/wearable/rootstraps/wearable-2.3.1-emulator.core/usr/include/messaging" -I"/home/clm/tizen-sdk/tools/smart-build-interface/../../platforms/tizen-2.3.1/wearable/rootstraps/wearable-2.3.1-emulator.core/usr/include/minizip" -I"/home/clm/tizen-sdk/tools/smart-build-interface/../../platforms/tizen-2.3.1/wearable/rootstraps/wearable-2.3.1-emulator.core/usr/include/network" -I"/home/clm/tizen-sdk/tools/smart-build-interface/../../platforms/tizen-2.3.1/wearable/rootstraps/wearable-2.3.1-emulator.core/usr/include/notification" -I"/home/clm/tizen-sdk/tools/smart-build-interface/../../platforms/tizen-2.3.1/wearable/rootstraps/wearable-2.3.1-emulator.core/usr/include/sensor" -I"/home/clm/tizen-sdk/tools/smart-build-interface/../../platforms/tizen-2.3.1/wearable/rootstraps/wearable-2.3.1-emulator.core/usr/include/storage" -I"/home/clm/tizen-sdk/tools/smart-build-interface/../../platforms/tizen-2.3.1/wearable/rootstraps/wearable-2.3.1-emulator.core/usr/include/system" -I"/home/clm/tizen-sdk/tools/smart-build-interface/../../platforms/tizen-2.3.1/wearable/rootstraps/wearable-2.3.1-emulator.core/usr/include/telephony" -I"/home/clm/tizen-sdk/tools/smart-build-interface/../../platforms/tizen-2.3.1/wearable/rootstraps/wearable-2.3.1-emulator.core/usr/include/ui" -I"/home/clm/tizen-sdk/tools/smart-build-interface/../../platforms/tizen-2.3.1/wearable/rootstraps/wearable-2.3.1-emulator.core/usr/include/widget_service" -I"/home/clm/tizen-sdk/tools/smart-build-interface/../../platforms/tizen-2.3.1/wearable/rootstraps/wearable-2.3.1-emulator.core/usr/include/widget_viewer_evas" -I"/home/clm/tizen-sdk/tools/smart-build-interface/../../platforms/tizen-2.3.1/wearable/rootstraps/wearable-2.3.1-emulator.core/usr/lib/dbus-1.0/include" -I"/home/clm/tizen-sdk/tools/smart-build-interface/../../platforms/tizen-2.3.1/wearable/rootstraps/wearable-2.3.1-emulator.core/usr/lib/glib-2.0/include" -Werror-implicit-function-declaration -c ../src/rotaryinputexample.c -o src/rotaryinputexample.o
../src/rotaryinputexample.c:59:23: error: 'appdata_s *' (aka 'struct appdata *') and 'Evas_Object *' (aka 'struct _Evas_Object *') are not pointers to compatible types
   evas_object_show(ad-win);
                    ~~^~~~
1 error generated.
ninja: build stopped: subcommand failed.
21:09:00 **** Incremental Build of configuration Debug for project RotaryInputExample ****
ninja all 
[1/2] Building src/rotaryinputexample.o
[2/2] Linking rotaryinputexample
21:09:04 **** Incremental Build of configuration Debug for project RotaryInputExample ****
ninja all 
ninja: no work to do.
21:11:11 **** Incremental Build of configuration Debug for project RotaryInputExample ****
ninja all 
ninja: no work to do.
21:11:57 **** Incremental Build of configuration Debug for project RotaryInputExample ****
ninja all 
ninja: no work to do.
21:12:35 **** Incremental Build of configuration Debug for project RotaryInputExample ****
ninja all 
[1/2] Building src/rotaryinputexample.o
[2/2] Linking rotaryinputexample
21:14:47 **** Incremental Build of configuration Debug for project RotaryInputExample ****
ninja all 
[1/2] Building src/rotaryinputexample.o
[2/2] Linking rotaryinputexample
21:14:48 **** Incremental Build of configuration Debug for project RotaryInputExample ****
ninja all 
ninja: no work to do.
21:15:57 **** Incremental Build of configuration Debug for project RotaryInputExample ****
ninja all 
[1/2] Building src/rotaryinputexample.o
[2/2] Linking rotaryinputexample
21:15:58 **** Incremental Build of configuration Debug for project RotaryInputExample ****
ninja all 
ninja: no work to do.
